2024-08-10 09:02:20,213 - INFO - 
--------------Physical Parameters--------------

Temperature: 1e-06 K
Trapping Frequency: 3800 Hz
Boltzmann constant: 20836619120.0 Hz/K
Mass of the atom: 1.0029655962264e-26 kg
Normalization Constant: 0.029025283817214698 (no unit)
N: 1000000.0 (no unit)
hbar: 1 kg m^2 s^-2
q_F: 229076311409422.47 m
p_F: 8.730715051655643e-09 kg m s^-1
2024-08-10 09:02:20,213 - INFO - initialize data points...
2024-08-10 09:05:36,471 - INFO - 
--------------Physical Parameters--------------

Temperature: 1e-06 K
Trapping Frequency: 3800 Hz
Boltzmann constant: 20836619120.0 Hz/K
Mass of the atom: 1.0029655962264e-26 kg
Normalization Constant: 0.029025283817214698 (no unit)
N: 1000000.0 (no unit)
hbar: 1 kg m^2 s^-2
q_F: 229076311409422.47 m
p_F: 8.730715051655643e-09 kg m s^-1
2024-08-10 09:05:36,471 - INFO - initialize data points...
2024-08-10 09:05:36,952 - INFO - load saved model...
2024-08-10 09:05:38,190 - INFO - start testing...
2024-08-10 09:05:47,140 - INFO - program time elapsed: 10.668725s
2024-08-10 09:06:14,812 - INFO - 
--------------Physical Parameters--------------

Temperature: 1e-06 K
Trapping Frequency: 3800 Hz
Boltzmann constant: 20836619120.0 Hz/K
Mass of the atom: 1.0029655962264e-26 kg
Normalization Constant: 0.029025283817214698 (no unit)
N: 1000000.0 (no unit)
hbar: 1 kg m^2 s^-2
q_F: 229076311409422.47 m
p_F: 8.730715051655643e-09 kg m s^-1
2024-08-10 09:06:14,813 - INFO - initialize data points...
2024-08-10 09:06:30,044 - INFO - 
--------------Physical Parameters--------------

Temperature: 1e-06 K
Trapping Frequency: 3800 Hz
Boltzmann constant: 20836619120.0 Hz/K
Mass of the atom: 1.0029655962264e-26 kg
Normalization Constant: 0.029025283817214698 (no unit)
N: 1000000.0 (no unit)
hbar: 1 kg m^2 s^-2
q_F: 229076311409422.47 m
p_F: 8.730715051655643e-09 kg m s^-1
2024-08-10 09:06:30,044 - INFO - initialize data points...
2024-08-10 09:06:30,435 - INFO - program time elapsed: 0.391596s
2024-08-10 09:26:14,610 - INFO - 
--------------Physical Parameters--------------

Temperature: 1e-06 K
Trapping Frequency: 3800 Hz
Boltzmann constant: 20836619120.0 Hz/K
Mass of the atom: 1.0029655962264e-26 kg
Normalization Constant: 0.029025283817214698 (no unit)
N: 1000000.0 (no unit)
hbar: 1 kg m^2 s^-2
q_F: 229076311409422.47 m
p_F: 8.730715051655643e-09 kg m s^-1
2024-08-10 09:26:14,610 - INFO - initialize data points...
2024-08-10 09:26:15,362 - INFO - program time elapsed: 0.752735s
2024-08-10 09:26:27,826 - INFO - 
--------------Physical Parameters--------------

Temperature: 1e-06 K
Trapping Frequency: 3800 Hz
Boltzmann constant: 20836619120.0 Hz/K
Mass of the atom: 1.0029655962264e-26 kg
Normalization Constant: 0.029025283817214698 (no unit)
N: 1000000.0 (no unit)
hbar: 1 kg m^2 s^-2
q_F: 229076311409422.47 m
p_F: 8.730715051655643e-09 kg m s^-1
2024-08-10 09:26:27,826 - INFO - initialize data points...
2024-08-10 09:26:28,800 - INFO - X_train shape: torch.Size([200, 3])
2024-08-10 09:26:28,800 - INFO - y_train shape: torch.Size([200])
2024-08-10 09:26:28,800 - INFO - X_train_with_cal shape: torch.Size([800, 3])

2024-08-10 09:26:28,800 - INFO - X_val shape: torch.Size([100, 3])
2024-08-10 09:26:28,800 - INFO - y_val shape: torch.Size([100])
2024-08-10 09:26:28,800 - INFO - X_val_with_cal shape: torch.Size([400, 3])

2024-08-10 09:26:28,800 - INFO - X_flatten shape: torch.Size([1000000, 1])
2024-08-10 09:26:28,800 - INFO - Y_flatten shape: torch.Size([1000000, 1])
2024-08-10 09:26:28,800 - INFO - T_flatten shape: torch.Size([1000000, 1])
2024-08-10 09:26:29,983 - INFO - Number of parameters: 1361
2024-08-10 09:26:29,983 - INFO - Input shape: torch.Size([200, 3])
2024-08-10 09:26:30,052 - INFO - start training...
2024-08-10 09:26:30,679 - INFO - training time elapsed: 0.626619s
2024-08-10 09:26:30,875 - INFO - program time elapsed: 3.049114s
2024-08-10 09:27:58,632 - INFO - 
--------------Physical Parameters--------------

Temperature: 1e-06 K
Trapping Frequency: 3800 Hz
Boltzmann constant: 20836619120.0 Hz/K
Mass of the atom: 1.0029655962264e-26 kg
Normalization Constant: 0.029025283817214698 (no unit)
N: 1000000.0 (no unit)
hbar: 1 kg m^2 s^-2
q_F: 229076311409422.47 m
p_F: 8.730715051655643e-09 kg m s^-1
2024-08-10 09:27:58,632 - INFO - initialize data points...
2024-08-10 09:27:59,606 - INFO - X_train shape: torch.Size([200, 3])
2024-08-10 09:27:59,606 - INFO - y_train shape: torch.Size([200])
2024-08-10 09:27:59,606 - INFO - X_train_with_cal shape: torch.Size([800, 3])

2024-08-10 09:27:59,606 - INFO - X_val shape: torch.Size([100, 3])
2024-08-10 09:27:59,606 - INFO - y_val shape: torch.Size([100])
2024-08-10 09:27:59,606 - INFO - X_val_with_cal shape: torch.Size([400, 3])

2024-08-10 09:27:59,606 - INFO - X_flatten shape: torch.Size([1000000, 1])
2024-08-10 09:27:59,606 - INFO - Y_flatten shape: torch.Size([1000000, 1])
2024-08-10 09:27:59,606 - INFO - T_flatten shape: torch.Size([1000000, 1])
2024-08-10 09:28:00,238 - INFO - Number of parameters: 1361
2024-08-10 09:28:00,238 - INFO - Input shape: torch.Size([200, 3])
2024-08-10 09:28:00,247 - INFO - start training...
2024-08-10 09:28:01,546 - INFO - training time elapsed: 1.298321s
2024-08-10 09:28:01,700 - INFO - program time elapsed: 3.068441s
2024-08-10 09:30:59,309 - INFO - 
--------------Physical Parameters--------------

Temperature: 1e-06 K
Trapping Frequency: 3800 Hz
Boltzmann constant: 20836619120.0 Hz/K
Mass of the atom: 1.0029655962264e-26 kg
Normalization Constant: 0.029025283817214698 (no unit)
N: 1000000.0 (no unit)
hbar: 1 kg m^2 s^-2
q_F: 229076311409422.47 m
p_F: 8.730715051655643e-09 kg m s^-1
2024-08-10 09:30:59,309 - INFO - initialize data points...
2024-08-10 09:31:00,264 - INFO - X_train shape: torch.Size([200, 3])
2024-08-10 09:31:00,264 - INFO - y_train shape: torch.Size([200])
2024-08-10 09:31:00,264 - INFO - X_train_with_cal shape: torch.Size([800, 3])

2024-08-10 09:31:00,264 - INFO - X_val shape: torch.Size([100, 3])
2024-08-10 09:31:00,264 - INFO - y_val shape: torch.Size([100])
2024-08-10 09:31:00,264 - INFO - X_val_with_cal shape: torch.Size([400, 3])

2024-08-10 09:31:00,264 - INFO - X_flatten shape: torch.Size([1000000, 1])
2024-08-10 09:31:00,264 - INFO - Y_flatten shape: torch.Size([1000000, 1])
2024-08-10 09:31:00,264 - INFO - T_flatten shape: torch.Size([1000000, 1])
2024-08-10 09:31:00,823 - INFO - Number of parameters: 1361
2024-08-10 09:31:00,824 - INFO - Input shape: torch.Size([200, 3])
2024-08-10 09:31:17,062 - INFO - 
--------------Physical Parameters--------------

Temperature: 1e-06 K
Trapping Frequency: 3800 Hz
Boltzmann constant: 20836619120.0 Hz/K
Mass of the atom: 1.0029655962264e-26 kg
Normalization Constant: 0.029025283817214698 (no unit)
N: 1000000.0 (no unit)
hbar: 1 kg m^2 s^-2
q_F: 229076311409422.47 m
p_F: 8.730715051655643e-09 kg m s^-1
2024-08-10 09:31:17,062 - INFO - initialize data points...
2024-08-10 09:31:18,007 - INFO - X_train shape: torch.Size([200, 3])
2024-08-10 09:31:18,007 - INFO - y_train shape: torch.Size([200])
2024-08-10 09:31:18,007 - INFO - X_train_with_cal shape: torch.Size([800, 3])

2024-08-10 09:31:18,007 - INFO - X_val shape: torch.Size([100, 3])
2024-08-10 09:31:18,007 - INFO - y_val shape: torch.Size([100])
2024-08-10 09:31:18,007 - INFO - X_val_with_cal shape: torch.Size([400, 3])

2024-08-10 09:31:18,007 - INFO - X_flatten shape: torch.Size([1000000, 1])
2024-08-10 09:31:18,007 - INFO - Y_flatten shape: torch.Size([1000000, 1])
2024-08-10 09:31:18,007 - INFO - T_flatten shape: torch.Size([1000000, 1])
2024-08-10 09:31:18,539 - INFO - Number of parameters: 1361
2024-08-10 09:31:18,539 - INFO - Input shape: torch.Size([200, 3])
2024-08-10 09:31:37,057 - INFO - 
--------------Physical Parameters--------------

Temperature: 1e-06 K
Trapping Frequency: 3800 Hz
Boltzmann constant: 20836619120.0 Hz/K
Mass of the atom: 1.0029655962264e-26 kg
Normalization Constant: 0.029025283817214698 (no unit)
N: 1000000.0 (no unit)
hbar: 1 kg m^2 s^-2
q_F: 229076311409422.47 m
p_F: 8.730715051655643e-09 kg m s^-1
2024-08-10 09:31:37,058 - INFO - initialize data points...
2024-08-10 09:31:38,012 - INFO - X_train shape: torch.Size([200, 3])
2024-08-10 09:31:38,012 - INFO - y_train shape: torch.Size([200])
2024-08-10 09:31:38,012 - INFO - X_train_with_cal shape: torch.Size([800, 3])

2024-08-10 09:31:38,012 - INFO - X_val shape: torch.Size([100, 3])
2024-08-10 09:31:38,012 - INFO - y_val shape: torch.Size([100])
2024-08-10 09:31:38,012 - INFO - X_val_with_cal shape: torch.Size([400, 3])

2024-08-10 09:31:38,012 - INFO - X_flatten shape: torch.Size([1000000, 1])
2024-08-10 09:31:38,012 - INFO - Y_flatten shape: torch.Size([1000000, 1])
2024-08-10 09:31:38,012 - INFO - T_flatten shape: torch.Size([1000000, 1])
2024-08-10 09:31:38,558 - INFO - Number of parameters: 1361
2024-08-10 09:31:38,558 - INFO - Input shape: torch.Size([200, 3])
2024-08-10 09:31:38,568 - INFO - start training...
2024-08-10 09:31:39,839 - INFO - training time elapsed: 1.270512s
2024-08-10 09:31:39,984 - INFO - program time elapsed: 2.927500s
2024-08-10 09:33:10,185 - INFO - 
--------------Physical Parameters--------------

Temperature: 1e-06 K
Trapping Frequency: 3800 Hz
Boltzmann constant: 20836619120.0 Hz/K
Mass of the atom: 1.0029655962264e-26 kg
Normalization Constant: 0.029025283817214698 (no unit)
N: 1000000.0 (no unit)
hbar: 1 kg m^2 s^-2
q_F: 229076311409422.47 m
p_F: 8.730715051655643e-09 kg m s^-1
2024-08-10 09:33:10,186 - INFO - initialize data points...
2024-08-10 09:33:11,139 - INFO - X_train shape: torch.Size([200, 3])
2024-08-10 09:33:11,139 - INFO - y_train shape: torch.Size([200])
2024-08-10 09:33:11,139 - INFO - X_train_with_cal shape: torch.Size([800, 3])

2024-08-10 09:33:11,139 - INFO - X_val shape: torch.Size([100, 3])
2024-08-10 09:33:11,140 - INFO - y_val shape: torch.Size([100])
2024-08-10 09:33:11,140 - INFO - X_val_with_cal shape: torch.Size([400, 3])

2024-08-10 09:33:11,140 - INFO - X_flatten shape: torch.Size([1000000, 1])
2024-08-10 09:33:11,140 - INFO - Y_flatten shape: torch.Size([1000000, 1])
2024-08-10 09:33:11,140 - INFO - T_flatten shape: torch.Size([1000000, 1])
2024-08-10 09:33:11,717 - INFO - Number of parameters: 1361
2024-08-10 09:33:11,717 - INFO - Input shape: torch.Size([200, 3])
2024-08-10 09:33:11,727 - INFO - start training...
2024-08-10 09:33:12,214 - INFO - training time elapsed: 0.486323s
2024-08-10 09:33:12,419 - INFO - program time elapsed: 2.234451s
2024-08-10 09:34:14,260 - INFO - 
--------------Physical Parameters--------------

Temperature: 1e-06 K
Trapping Frequency: 3800 Hz
Boltzmann constant: 20836619120.0 Hz/K
Mass of the atom: 1.0029655962264e-26 kg
Normalization Constant: 0.029025283817214698 (no unit)
N: 1000000.0 (no unit)
hbar: 1 kg m^2 s^-2
q_F: 229076311409422.47 m
p_F: 8.730715051655643e-09 kg m s^-1
2024-08-10 09:34:14,260 - INFO - initialize data points...
2024-08-10 09:34:14,764 - INFO - load saved model...
2024-08-10 09:34:15,302 - INFO - start testing...
2024-08-10 09:34:24,186 - INFO - program time elapsed: 9.926011s
2024-08-10 09:36:06,894 - INFO - 
--------------Physical Parameters--------------

Temperature: 1e-06 K
Trapping Frequency: 3800 Hz
Boltzmann constant: 20836619120.0 Hz/K
Mass of the atom: 1.0029655962264e-26 kg
Normalization Constant: 0.029025283817214698 (no unit)
N: 1000000.0 (no unit)
hbar: 1 kg m^2 s^-2
q_F: 229076311409422.47 m
p_F: 8.730715051655643e-09 kg m s^-1
2024-08-10 09:36:06,894 - INFO - initialize data points...
2024-08-10 09:36:07,391 - INFO - load saved model...
2024-08-10 09:36:07,986 - INFO - start testing...
2024-08-10 09:36:16,846 - INFO - testing time elapsed: 8.860483s
2024-08-10 09:36:16,846 - INFO - program time elapsed: 9.953186s
2024-08-10 09:38:41,422 - INFO - 
--------------Physical Parameters--------------

Temperature: 1.1e-08 K
Trapping Frequency: 100000.0 Hz
Boltzmann constant: 20836619120.0 Hz/K
Mass of the atom: 1.4431609444805812e-25 kg
Normalization Constant: 69.43847803161411 (no unit)
2024-08-10 09:38:41,422 - INFO - initialize data points...
2024-08-10 09:38:41,972 - INFO - load saved model...
2024-08-10 09:38:42,509 - INFO - start testing...
2024-08-10 09:38:51,362 - INFO - testing time elapsed: 8.852759s
2024-08-10 09:38:51,362 - INFO - program time elapsed: 9.940646s
2024-08-10 09:43:34,470 - INFO - 
--------------Physical Parameters--------------

Temperature: 1.1e-08 K
Trapping Frequency: 100000.0 Hz
Boltzmann constant: 20836619120.0 Hz/K
Mass of the atom: 1.4431609444805812e-25 kg
Normalization Constant: 69.43847803161411 (no unit)
2024-08-10 09:43:34,471 - INFO - initialize data points...
2024-08-10 09:43:35,036 - INFO - load saved model...
2024-08-10 09:43:35,584 - INFO - start testing...
2024-08-10 09:43:44,572 - INFO - testing time elapsed: 8.988637s
2024-08-10 09:43:44,573 - INFO - program time elapsed: 10.102596s
2024-08-10 09:46:14,448 - INFO - 
--------------Physical Parameters--------------

Temperature: 1.1e-08 K
Trapping Frequency: 100000.0 Hz
Boltzmann constant: 20836619120.0 Hz/K
Mass of the atom: 1.4431609444805812e-25 kg
Normalization Constant: 69.43847803161411 (no unit)
2024-08-10 09:46:14,448 - INFO - initialize data points...
2024-08-10 09:46:15,009 - INFO - load saved model...
2024-08-10 09:46:15,546 - INFO - start testing...
2024-08-10 09:46:24,713 - INFO - testing time elapsed: 9.166667s
2024-08-10 09:46:24,713 - INFO - program time elapsed: 10.265722s
2024-08-10 09:50:40,975 - INFO - 
--------------Physical Parameters--------------

Temperature: 1.1e-08 K
Trapping Frequency: 100000.0 Hz
Boltzmann constant: 20836619120.0 Hz/K
Mass of the atom: 1.4431609444805812e-25 kg
Normalization Constant: 69.43847803161411 (no unit)
2024-08-10 09:50:40,975 - INFO - initialize data points...
2024-08-10 09:50:41,587 - INFO - load saved model...
2024-08-10 09:50:42,169 - INFO - start testing...
2024-08-10 09:50:51,545 - INFO - testing time elapsed: 9.375463s
2024-08-10 09:50:51,545 - INFO - program time elapsed: 10.570439s
2024-08-10 09:51:29,073 - INFO - 
--------------Physical Parameters--------------

Temperature: 1.1e-08 K
Trapping Frequency: 100000.0 Hz
Boltzmann constant: 20836619120.0 Hz/K
Mass of the atom: 1.4431609444805812e-25 kg
Normalization Constant: 69.43847803161411 (no unit)
2024-08-10 09:51:29,073 - INFO - initialize data points...
2024-08-10 09:51:29,661 - INFO - load saved model...
2024-08-10 09:51:30,217 - INFO - start testing...
2024-08-10 09:51:40,683 - INFO - testing time elapsed: 10.466095s
2024-08-10 09:51:40,683 - INFO - program time elapsed: 11.610732s
2024-08-10 09:52:12,956 - INFO - 
--------------Physical Parameters--------------

Temperature: 1.1e-08 K
Trapping Frequency: 100000.0 Hz
Boltzmann constant: 20836619120.0 Hz/K
Mass of the atom: 1.4431609444805812e-25 kg
Normalization Constant: 69.43847803161411 (no unit)
2024-08-10 09:52:12,956 - INFO - initialize data points...
2024-08-10 09:55:21,025 - INFO - 
--------------Physical Parameters--------------

Temperature: 1.7e-07 K
Trapping Frequency: 100000.0 Hz
Boltzmann constant: 20836619120.0 Hz/K
Mass of the atom: 1.4431609444805812e-25 kg
Normalization Constant: 4.493077990280913 (no unit)
2024-08-10 09:55:21,025 - INFO - initialize data points...
2024-08-10 09:55:21,616 - INFO - load saved model...
2024-08-10 09:55:22,169 - INFO - start testing...
2024-08-10 09:55:31,469 - INFO - testing time elapsed: 9.299906s
2024-08-10 09:55:31,469 - INFO - program time elapsed: 10.444208s
2024-08-10 09:58:14,943 - INFO - 
--------------Physical Parameters--------------

Temperature: 1.7e-07 K
Trapping Frequency: 100000.0 Hz
Boltzmann constant: 20836619120.0 Hz/K
Mass of the atom: 1.4431609444805812e-25 kg
Normalization Constant: 4.493077990280913 (no unit)
2024-08-10 09:58:14,943 - INFO - initialize data points...
2024-08-10 09:58:15,549 - INFO - load saved model...
2024-08-10 09:58:16,150 - INFO - start testing...
2024-08-10 09:58:25,144 - INFO - 
--------------Physical Parameters--------------

Temperature: 1.7e-07 K
Trapping Frequency: 100000.0 Hz
Boltzmann constant: 20836619120.0 Hz/K
Mass of the atom: 1.4431609444805812e-25 kg
Normalization Constant: 4.493077990280913 (no unit)
2024-08-10 09:58:25,145 - INFO - initialize data points...
2024-08-10 09:58:25,744 - INFO - load saved model...
2024-08-10 09:58:26,318 - INFO - start testing...
2024-08-10 09:58:36,362 - INFO - testing time elapsed: 10.043955s
2024-08-10 09:58:36,362 - INFO - program time elapsed: 11.218118s
2024-08-10 10:00:03,677 - INFO - 
--------------Physical Parameters--------------

Temperature: 1.7e-07 K
Trapping Frequency: 100000.0 Hz
Boltzmann constant: 20836619120.0 Hz/K
Mass of the atom: 1.4431609444805812e-25 kg
Normalization Constant: 4.493077990280913 (no unit)
2024-08-10 10:00:03,677 - INFO - initialize data points...
2024-08-10 10:00:04,292 - INFO - load saved model...
2024-08-10 10:00:04,868 - INFO - start testing...
2024-08-10 10:00:14,694 - INFO - testing time elapsed: 9.826090s
2024-08-10 10:00:14,695 - INFO - program time elapsed: 11.017877s
2024-08-10 10:00:36,967 - INFO - 
--------------Physical Parameters--------------

Temperature: 1.7e-07 K
Trapping Frequency: 100000.0 Hz
Boltzmann constant: 20836619120.0 Hz/K
Mass of the atom: 1.4431609444805812e-25 kg
Normalization Constant: 4.493077990280913 (no unit)
2024-08-10 10:00:36,968 - INFO - initialize data points...
2024-08-10 10:00:37,626 - INFO - load saved model...
2024-08-10 10:00:38,197 - INFO - start testing...
2024-08-10 10:00:49,005 - INFO - testing time elapsed: 10.807758s
2024-08-10 10:00:49,005 - INFO - program time elapsed: 12.038119s
2024-08-10 10:54:58,573 - INFO - 
--------------Physical Parameters--------------

Temperature: 1.7e-07 K
Trapping Frequency: 100000.0 Hz
Boltzmann constant: 20836619120.0 Hz/K
Mass of the atom: 1.4431609444805812e-25 kg
Normalization Constant: 4.493077990280913 (no unit)
2024-08-10 10:54:58,574 - INFO - initialize data points...
2024-08-10 10:54:59,545 - INFO - load saved model...
2024-08-10 10:55:00,926 - INFO - start testing...
2024-08-10 10:55:12,712 - INFO - testing time elapsed: 11.786117s
2024-08-10 10:55:12,712 - INFO - program time elapsed: 14.139848s
2024-08-10 10:58:02,106 - INFO - 
--------------Physical Parameters--------------

Temperature: 1.7e-07 K
Trapping Frequency: 100000.0 Hz
Boltzmann constant: 20836619120.0 Hz/K
Mass of the atom: 1.4431609444805812e-25 kg
Normalization Constant: 4.493077990280913 (no unit)
2024-08-10 10:58:02,106 - INFO - initialize data points...
2024-08-10 10:58:02,713 - INFO - load saved model...
2024-08-10 10:58:03,307 - INFO - start testing...
2024-08-10 10:58:13,874 - INFO - testing time elapsed: 10.567359s
2024-08-10 10:58:13,875 - INFO - program time elapsed: 11.769103s
2024-08-10 10:59:17,495 - INFO - 
--------------Physical Parameters--------------

Temperature: 1.7e-07 K
Trapping Frequency: 100000.0 Hz
Boltzmann constant: 20836619120.0 Hz/K
Mass of the atom: 1.4431609444805812e-25 kg
Normalization Constant: 4.493077990280913 (no unit)
2024-08-10 10:59:17,495 - INFO - initialize data points...
2024-08-10 10:59:18,297 - INFO - load saved model...
2024-08-10 10:59:19,143 - INFO - start testing...
2024-08-10 11:00:10,757 - INFO - testing time elapsed: 51.613577s
2024-08-10 11:00:10,757 - INFO - program time elapsed: 53.262344s
2024-08-10 15:11:16,100 - INFO - 
--------------Physical Parameters--------------

Temperature: 1.7e-07 K
Trapping Frequency: 100000.0 Hz
Boltzmann constant: 20836619120.0 Hz/K
Mass of the atom: 1.4431609444805812e-25 kg
Normalization Constant: 4.493077990280913 (no unit)
2024-08-10 15:11:16,100 - INFO - initialize data points...
2024-08-10 15:11:17,063 - INFO - load saved model...
2024-08-10 15:11:18,275 - INFO - start testing...
2024-08-10 15:11:59,308 - INFO - testing time elapsed: 41.033149s
2024-08-10 15:11:59,308 - INFO - program time elapsed: 43.209769s
2024-08-10 15:12:56,905 - INFO - 
--------------Physical Parameters--------------

Temperature: 1.7e-07 K
Trapping Frequency: 100000.0 Hz
Boltzmann constant: 20836619120.0 Hz/K
Mass of the atom: 1.4431609444805812e-25 kg
Normalization Constant: 4.493077990280913 (no unit)
2024-08-10 15:12:56,906 - INFO - initialize data points...
2024-08-10 15:12:57,527 - INFO - load saved model...
2024-08-10 15:12:58,132 - INFO - start testing...
2024-08-10 15:13:45,048 - INFO - testing time elapsed: 46.915552s
2024-08-10 15:13:45,049 - INFO - program time elapsed: 48.143654s
2024-08-10 15:19:28,258 - INFO - 
--------------Physical Parameters--------------

Temperature: 1.7e-07 K
Trapping Frequency: 100000.0 Hz
Boltzmann constant: 20836619120.0 Hz/K
Mass of the atom: 1.4431609444805812e-25 kg
Normalization Constant: 4.493077990280913 (no unit)
2024-08-10 15:19:28,258 - INFO - initialize data points...
2024-08-10 15:19:28,832 - INFO - load saved model...
2024-08-10 15:19:36,406 - INFO - 
--------------Physical Parameters--------------

Temperature: 1.7e-07 K
Trapping Frequency: 100000.0 Hz
Boltzmann constant: 20836619120.0 Hz/K
Mass of the atom: 1.4431609444805812e-25 kg
Normalization Constant: 4.493077990280913 (no unit)
2024-08-10 15:19:36,406 - INFO - initialize data points...
2024-08-10 15:19:37,001 - INFO - load saved model...
2024-08-10 15:19:37,625 - INFO - start testing...
2024-08-10 15:20:18,712 - INFO - 
--------------Physical Parameters--------------

Temperature: 1.7e-07 K
Trapping Frequency: 100000.0 Hz
Boltzmann constant: 20836619120.0 Hz/K
Mass of the atom: 1.4431609444805812e-25 kg
Normalization Constant: 4.493077990280913 (no unit)
2024-08-10 15:20:18,713 - INFO - initialize data points...
2024-08-10 15:20:19,314 - INFO - load saved model...
2024-08-10 15:20:19,870 - INFO - start testing...
2024-08-10 15:21:04,695 - INFO - testing time elapsed: 44.824242s
2024-08-10 15:21:04,695 - INFO - program time elapsed: 45.982767s
2024-08-10 15:21:07,993 - INFO - 
--------------Physical Parameters--------------

Temperature: 1.7e-07 K
Trapping Frequency: 100000.0 Hz
Boltzmann constant: 20836619120.0 Hz/K
Mass of the atom: 1.4431609444805812e-25 kg
Normalization Constant: 4.493077990280913 (no unit)
2024-08-10 15:21:07,993 - INFO - initialize data points...
2024-08-10 15:21:08,601 - INFO - load saved model...
2024-08-10 15:21:09,158 - INFO - start testing...
2024-08-10 15:22:36,657 - INFO - 
--------------Physical Parameters--------------

Temperature: 1.7e-07 K
Trapping Frequency: 100000.0 Hz
Boltzmann constant: 20836619120.0 Hz/K
Mass of the atom: 1.4431609444805812e-25 kg
Normalization Constant: 4.493077990280913 (no unit)
2024-08-10 15:22:36,658 - INFO - initialize data points...
2024-08-10 15:22:37,280 - INFO - load saved model...
2024-08-10 15:22:37,886 - INFO - start testing...
2024-08-10 15:23:54,849 - INFO - 
--------------Physical Parameters--------------

Temperature: 1.7e-07 K
Trapping Frequency: 100000.0 Hz
Boltzmann constant: 20836619120.0 Hz/K
Mass of the atom: 1.4431609444805812e-25 kg
Normalization Constant: 4.493077990280913 (no unit)
2024-08-10 15:23:54,849 - INFO - initialize data points...
2024-08-10 15:24:04,466 - INFO - 
--------------Physical Parameters--------------

Temperature: 1.7e-07 K
Trapping Frequency: 100000.0 Hz
Boltzmann constant: 20836619120.0 Hz/K
Mass of the atom: 1.4431609444805812e-25 kg
Normalization Constant: 4.493077990280913 (no unit)
2024-08-10 15:24:04,466 - INFO - initialize data points...
2024-08-10 15:24:05,029 - INFO - load saved model...
2024-08-10 15:24:05,653 - INFO - start testing...
2024-08-10 15:32:25,778 - INFO - 
--------------Physical Parameters--------------

Temperature: 1.7e-07 K
Trapping Frequency: 100000.0 Hz
Boltzmann constant: 20836619120.0 Hz/K
Mass of the atom: 1.4431609444805812e-25 kg
Normalization Constant: 4.493077990280913 (no unit)
2024-08-10 15:32:25,778 - INFO - initialize data points...
2024-08-10 15:32:26,383 - INFO - load saved model...
2024-08-10 15:32:26,999 - INFO - start testing...
2024-08-10 15:32:45,037 - INFO - 
--------------Physical Parameters--------------

Temperature: 1.7e-07 K
Trapping Frequency: 100000.0 Hz
Boltzmann constant: 20836619120.0 Hz/K
Mass of the atom: 1.4431609444805812e-25 kg
Normalization Constant: 4.493077990280913 (no unit)
2024-08-10 15:32:45,037 - INFO - initialize data points...
2024-08-10 15:32:45,618 - INFO - load saved model...
2024-08-10 15:32:46,161 - INFO - start testing...
2024-08-10 15:32:46,162 - INFO - testing time elapsed: 0.000396s
2024-08-10 15:32:46,162 - INFO - program time elapsed: 1.124973s
2024-08-10 15:33:42,726 - INFO - 
--------------Physical Parameters--------------

Temperature: 1.7e-07 K
Trapping Frequency: 100000.0 Hz
Boltzmann constant: 20836619120.0 Hz/K
Mass of the atom: 1.4431609444805812e-25 kg
Normalization Constant: 4.493077990280913 (no unit)
2024-08-10 15:33:42,726 - INFO - initialize data points...
2024-08-10 15:33:43,297 - INFO - load saved model...
2024-08-10 15:33:43,853 - INFO - start testing...
2024-08-10 15:34:38,346 - INFO - 
--------------Physical Parameters--------------

Temperature: 1.7e-07 K
Trapping Frequency: 100000.0 Hz
Boltzmann constant: 20836619120.0 Hz/K
Mass of the atom: 1.4431609444805812e-25 kg
Normalization Constant: 4.493077990280913 (no unit)
2024-08-10 15:34:38,346 - INFO - initialize data points...
2024-08-10 15:34:38,913 - INFO - load saved model...
2024-08-10 15:34:39,454 - INFO - start testing...
2024-08-10 15:35:11,145 - INFO - 
--------------Physical Parameters--------------

Temperature: 1.7e-07 K
Trapping Frequency: 100000.0 Hz
Boltzmann constant: 20836619120.0 Hz/K
Mass of the atom: 1.4431609444805812e-25 kg
Normalization Constant: 4.493077990280913 (no unit)
2024-08-10 15:35:11,145 - INFO - initialize data points...
2024-08-10 15:35:31,114 - INFO - 
--------------Physical Parameters--------------

Temperature: 1.7e-07 K
Trapping Frequency: 100000.0 Hz
Boltzmann constant: 20836619120.0 Hz/K
Mass of the atom: 1.4431609444805812e-25 kg
Normalization Constant: 4.493077990280913 (no unit)
2024-08-10 15:35:31,114 - INFO - initialize data points...
2024-08-10 15:35:48,547 - INFO - 
--------------Physical Parameters--------------

Temperature: 1.7e-07 K
Trapping Frequency: 100000.0 Hz
Boltzmann constant: 20836619120.0 Hz/K
Mass of the atom: 1.4431609444805812e-25 kg
Normalization Constant: 4.493077990280913 (no unit)
2024-08-10 15:35:48,547 - INFO - initialize data points...
2024-08-10 15:35:49,109 - INFO - load saved model...
2024-08-10 15:35:49,766 - INFO - start testing...
2024-08-10 15:36:34,358 - INFO - 
--------------Physical Parameters--------------

Temperature: 1.7e-07 K
Trapping Frequency: 100000.0 Hz
Boltzmann constant: 20836619120.0 Hz/K
Mass of the atom: 1.4431609444805812e-25 kg
Normalization Constant: 4.493077990280913 (no unit)
2024-08-10 15:36:34,359 - INFO - initialize data points...
2024-08-10 15:36:34,944 - INFO - load saved model...
2024-08-10 15:36:35,533 - INFO - start testing...
2024-08-10 15:37:51,421 - INFO - 
--------------Physical Parameters--------------

Temperature: 1.7e-07 K
Trapping Frequency: 100000.0 Hz
Boltzmann constant: 20836619120.0 Hz/K
Mass of the atom: 1.4431609444805812e-25 kg
Normalization Constant: 4.493077990280913 (no unit)
2024-08-10 15:37:51,422 - INFO - initialize data points...
2024-08-10 15:37:51,997 - INFO - load saved model...
2024-08-10 15:37:52,555 - INFO - start testing...
2024-08-10 15:38:15,189 - INFO - testing time elapsed: 22.633651s
2024-08-10 15:38:15,190 - INFO - program time elapsed: 23.768454s
2024-08-10 15:39:00,873 - INFO - 
--------------Physical Parameters--------------

Temperature: 1.7e-07 K
Trapping Frequency: 100000.0 Hz
Boltzmann constant: 20836619120.0 Hz/K
Mass of the atom: 1.4431609444805812e-25 kg
Normalization Constant: 4.493077990280913 (no unit)
2024-08-10 15:39:00,873 - INFO - initialize data points...
2024-08-10 15:39:01,429 - INFO - load saved model...
2024-08-10 15:39:02,012 - INFO - start testing...
2024-08-10 15:39:46,727 - INFO - 
--------------Physical Parameters--------------

Temperature: 1.7e-07 K
Trapping Frequency: 100000.0 Hz
Boltzmann constant: 20836619120.0 Hz/K
Mass of the atom: 1.4431609444805812e-25 kg
Normalization Constant: 4.493077990280913 (no unit)
2024-08-10 15:39:46,727 - INFO - initialize data points...
2024-08-10 15:39:47,294 - INFO - load saved model...
2024-08-10 15:39:47,837 - INFO - start testing...
2024-08-10 15:40:28,272 - INFO - testing time elapsed: 40.435051s
2024-08-10 15:40:28,273 - INFO - program time elapsed: 41.545988s
2024-08-10 15:44:15,689 - INFO - 
--------------Physical Parameters--------------

Temperature: 1.7e-07 K
Trapping Frequency: 100000.0 Hz
Boltzmann constant: 20836619120.0 Hz/K
Mass of the atom: 1.4431609444805812e-25 kg
Normalization Constant: 4.493077990280913 (no unit)
2024-08-10 15:44:15,689 - INFO - initialize data points...
2024-08-10 15:44:16,269 - INFO - load saved model...
2024-08-10 15:44:16,846 - INFO - start testing...
2024-08-10 15:44:52,781 - INFO - testing time elapsed: 35.934337s
2024-08-10 15:44:52,781 - INFO - program time elapsed: 37.092796s
2024-08-10 15:47:29,686 - INFO - 
--------------Physical Parameters--------------

Temperature: 1.7e-07 K
Trapping Frequency: 100000.0 Hz
Boltzmann constant: 20836619120.0 Hz/K
Mass of the atom: 1.4431609444805812e-25 kg
Normalization Constant: 4.493077990280913 (no unit)
2024-08-10 15:47:29,686 - INFO - initialize data points...
2024-08-10 15:47:30,242 - INFO - load saved model...
2024-08-10 15:47:30,804 - INFO - start testing...
2024-08-10 15:48:33,446 - INFO - testing time elapsed: 62.642006s
2024-08-10 15:48:33,446 - INFO - program time elapsed: 63.760563s
2024-08-10 15:49:33,403 - INFO - 
--------------Physical Parameters--------------

Temperature: 1.7e-07 K
Trapping Frequency: 100000.0 Hz
Boltzmann constant: 20836619120.0 Hz/K
Mass of the atom: 1.4431609444805812e-25 kg
Normalization Constant: 4.493077990280913 (no unit)
2024-08-10 15:49:33,403 - INFO - initialize data points...
2024-08-10 15:49:34,030 - INFO - load saved model...
2024-08-10 15:49:34,587 - INFO - start testing...
2024-08-10 15:50:24,985 - INFO - testing time elapsed: 50.396928s
2024-08-10 15:50:24,985 - INFO - program time elapsed: 51.582381s
2024-08-10 15:51:24,896 - INFO - 
--------------Physical Parameters--------------

Temperature: 1.7e-07 K
Trapping Frequency: 100000.0 Hz
Boltzmann constant: 20836619120.0 Hz/K
Mass of the atom: 1.4431609444805812e-25 kg
Normalization Constant: 4.493077990280913 (no unit)
2024-08-10 15:51:24,897 - INFO - initialize data points...
2024-08-10 15:51:25,676 - INFO - load saved model...
2024-08-10 15:51:26,371 - INFO - start testing...
2024-08-10 15:52:20,581 - INFO - testing time elapsed: 54.209812s
2024-08-10 15:52:20,581 - INFO - program time elapsed: 55.685140s
2024-08-10 15:53:27,016 - INFO - 
--------------Physical Parameters--------------

Temperature: 1.7e-07 K
Trapping Frequency: 100000.0 Hz
Boltzmann constant: 20836619120.0 Hz/K
Mass of the atom: 1.4431609444805812e-25 kg
Normalization Constant: 4.493077990280913 (no unit)
2024-08-10 15:53:27,016 - INFO - initialize data points...
2024-08-10 15:53:27,653 - INFO - load saved model...
2024-08-10 15:53:28,316 - INFO - start testing...
2024-08-10 15:54:24,368 - INFO - testing time elapsed: 56.051794s
2024-08-10 15:54:24,369 - INFO - program time elapsed: 57.353145s
2024-08-10 15:55:27,634 - INFO - 
--------------Physical Parameters--------------

Temperature: 1.7e-07 K
Trapping Frequency: 100000.0 Hz
Boltzmann constant: 20836619120.0 Hz/K
Mass of the atom: 1.4431609444805812e-25 kg
Normalization Constant: 4.493077990280913 (no unit)
2024-08-10 15:55:27,634 - INFO - initialize data points...
2024-08-10 15:55:28,317 - INFO - load saved model...
2024-08-10 15:55:28,923 - INFO - start testing...
2024-08-10 15:55:41,441 - INFO - 
--------------Physical Parameters--------------

Temperature: 1.7e-07 K
Trapping Frequency: 100000.0 Hz
Boltzmann constant: 20836619120.0 Hz/K
Mass of the atom: 1.4431609444805812e-25 kg
Normalization Constant: 4.493077990280913 (no unit)
2024-08-10 15:55:41,441 - INFO - initialize data points...
2024-08-10 15:55:42,075 - INFO - load saved model...
2024-08-10 15:55:42,717 - INFO - start testing...
2024-08-10 15:56:32,242 - INFO - 
--------------Physical Parameters--------------

Temperature: 1.7e-07 K
Trapping Frequency: 100000.0 Hz
Boltzmann constant: 20836619120.0 Hz/K
Mass of the atom: 1.4431609444805812e-25 kg
Normalization Constant: 4.493077990280913 (no unit)
2024-08-10 15:56:32,242 - INFO - initialize data points...
2024-08-10 15:56:32,811 - INFO - load saved model...
2024-08-10 15:56:33,375 - INFO - start testing...
2024-08-10 15:57:40,419 - INFO - 
--------------Physical Parameters--------------

Temperature: 1.7e-07 K
Trapping Frequency: 100000.0 Hz
Boltzmann constant: 20836619120.0 Hz/K
Mass of the atom: 1.4431609444805812e-25 kg
Normalization Constant: 4.493077990280913 (no unit)
2024-08-10 15:57:40,419 - INFO - initialize data points...
2024-08-10 15:57:41,018 - INFO - load saved model...
2024-08-10 15:57:41,571 - INFO - start testing...
2024-08-10 15:57:49,618 - INFO - 
--------------Physical Parameters--------------

Temperature: 1.7e-07 K
Trapping Frequency: 100000.0 Hz
Boltzmann constant: 20836619120.0 Hz/K
Mass of the atom: 1.4431609444805812e-25 kg
Normalization Constant: 4.493077990280913 (no unit)
2024-08-10 15:57:49,618 - INFO - initialize data points...
2024-08-10 15:57:50,288 - INFO - load saved model...
2024-08-10 15:57:50,855 - INFO - start testing...
2024-08-10 15:59:01,051 - INFO - testing time elapsed: 70.196188s
2024-08-10 15:59:01,052 - INFO - program time elapsed: 71.434006s
2024-08-10 15:59:09,900 - INFO - 
--------------Physical Parameters--------------

Temperature: 1.7e-07 K
Trapping Frequency: 100000.0 Hz
Boltzmann constant: 20836619120.0 Hz/K
Mass of the atom: 1.4431609444805812e-25 kg
Normalization Constant: 4.493077990280913 (no unit)
2024-08-10 15:59:09,900 - INFO - initialize data points...
2024-08-10 15:59:10,615 - INFO - load saved model...
2024-08-10 15:59:11,223 - INFO - start testing...
2024-08-10 16:00:19,966 - INFO - testing time elapsed: 68.742955s
2024-08-10 16:00:19,966 - INFO - program time elapsed: 70.066961s
2024-08-10 16:01:16,195 - INFO - 
--------------Physical Parameters--------------

Temperature: 1.7e-07 K
Trapping Frequency: 100000.0 Hz
Boltzmann constant: 20836619120.0 Hz/K
Mass of the atom: 1.4431609444805812e-25 kg
Normalization Constant: 4.493077990280913 (no unit)
2024-08-10 16:01:16,195 - INFO - initialize data points...
2024-08-10 16:01:16,974 - INFO - load saved model...
2024-08-10 16:01:17,744 - INFO - start testing...
2024-08-10 16:02:15,988 - INFO - testing time elapsed: 58.243837s
2024-08-10 16:02:15,988 - INFO - program time elapsed: 59.793652s
