2024-08-30 22:36:02,691 - INFO - 
--------------Physical Parameters--------------

Temperature: 1.7e-07 K
Trapping Frequency: 100000.0 Hz
Boltzmann constant: 20836619120.0 Hz/K
Mass of the atom: 1.4431609444805812e-25 kg
Normalization Constant: 4.493077990280913 (no unit)
2024-08-30 22:36:02,691 - INFO - initialize data points...
2024-08-30 22:37:27,041 - INFO - 
--------------Physical Parameters--------------

Temperature: 1.7e-07 K
Trapping Frequency: 100000.0 Hz
Boltzmann constant: 20836619120.0 Hz/K
Mass of the atom: 1.4431609444805812e-25 kg
Normalization Constant: 4.493077990280913 (no unit)
2024-08-30 22:37:27,042 - INFO - initialize data points...
2024-08-30 22:39:53,604 - INFO - 
--------------Physical Parameters--------------

Temperature: 1.7e-07 K
Trapping Frequency: 100000.0 Hz
Boltzmann constant: 20836619120.0 Hz/K
Mass of the atom: 1.4431609444805812e-25 kg
Normalization Constant: 4.493077990280913 (no unit)
2024-08-30 22:39:53,604 - INFO - initialize data points...
2024-08-30 22:43:38,168 - INFO - 
--------------Physical Parameters--------------

Temperature: 1.7e-07 K
Trapping Frequency: 100000.0 Hz
Boltzmann constant: 20836619120.0 Hz/K
Mass of the atom: 1.4431609444805812e-25 kg
Normalization Constant: 4.493077990280913 (no unit)
2024-08-30 22:43:38,168 - INFO - initialize data points...
2024-08-30 22:46:30,453 - INFO - 
--------------Physical Parameters--------------

Temperature: 1.7e-07 K
Trapping Frequency: 100000.0 Hz
Boltzmann constant: 20836619120.0 Hz/K
Mass of the atom: 1.4431609444805812e-25 kg
Normalization Constant: 4.493077990280913 (no unit)
2024-08-30 22:46:30,453 - INFO - initialize data points...
2024-08-30 22:47:53,783 - INFO - 
--------------Physical Parameters--------------

Temperature: 1.7e-07 K
Trapping Frequency: 100000.0 Hz
Boltzmann constant: 20836619120.0 Hz/K
Mass of the atom: 1.4431609444805812e-25 kg
Normalization Constant: 4.493077990280913 (no unit)
2024-08-30 22:47:53,783 - INFO - initialize data points...
2024-08-30 22:49:14,283 - INFO - 
--------------Physical Parameters--------------

Temperature: 1.7e-07 K
Trapping Frequency: 100000.0 Hz
Boltzmann constant: 20836619120.0 Hz/K
Mass of the atom: 1.4431609444805812e-25 kg
Normalization Constant: 4.493077990280913 (no unit)
2024-08-30 22:49:14,283 - INFO - initialize data points...
2024-08-30 22:51:26,541 - INFO - 
--------------Physical Parameters--------------

Temperature: 1.7e-07 K
Trapping Frequency: 100000.0 Hz
Boltzmann constant: 20836619120.0 Hz/K
Mass of the atom: 1.4431609444805812e-25 kg
Normalization Constant: 4.493077990280913 (no unit)
2024-08-30 22:51:26,541 - INFO - initialize data points...
2024-08-30 22:57:43,781 - INFO - 
--------------Physical Parameters--------------

Temperature: 1.7e-07 K
Trapping Frequency: 100000.0 Hz
Boltzmann constant: 20836619120.0 Hz/K
Mass of the atom: 1.4431609444805812e-25 kg
Normalization Constant: 4.493077990280913 (no unit)
2024-08-30 22:57:43,781 - INFO - initialize data points...
2024-08-30 22:58:41,717 - INFO - 
--------------Physical Parameters--------------

Temperature: 1.7e-07 K
Trapping Frequency: 100000.0 Hz
Boltzmann constant: 20836619120.0 Hz/K
Mass of the atom: 1.4431609444805812e-25 kg
Normalization Constant: 4.493077990280913 (no unit)
2024-08-30 22:58:41,717 - INFO - initialize data points...
2024-08-30 22:59:29,086 - INFO - 
--------------Physical Parameters--------------

Temperature: 1.7e-07 K
Trapping Frequency: 100000.0 Hz
Boltzmann constant: 20836619120.0 Hz/K
Mass of the atom: 1.4431609444805812e-25 kg
Normalization Constant: 4.493077990280913 (no unit)
2024-08-30 22:59:29,087 - INFO - initialize data points...
2024-08-30 22:59:39,668 - INFO - 
--------------Physical Parameters--------------

Temperature: 1.7e-07 K
Trapping Frequency: 100000.0 Hz
Boltzmann constant: 20836619120.0 Hz/K
Mass of the atom: 1.4431609444805812e-25 kg
Normalization Constant: 4.493077990280913 (no unit)
2024-08-30 22:59:39,668 - INFO - initialize data points...
2024-08-30 23:00:04,861 - INFO - 
--------------Physical Parameters--------------

Temperature: 1.7e-07 K
Trapping Frequency: 100000.0 Hz
Boltzmann constant: 20836619120.0 Hz/K
Mass of the atom: 1.4431609444805812e-25 kg
Normalization Constant: 4.493077990280913 (no unit)
2024-08-30 23:00:04,861 - INFO - initialize data points...
2024-08-30 23:00:18,899 - INFO - 
--------------Physical Parameters--------------

Temperature: 1.7e-07 K
Trapping Frequency: 100000.0 Hz
Boltzmann constant: 20836619120.0 Hz/K
Mass of the atom: 1.4431609444805812e-25 kg
Normalization Constant: 4.493077990280913 (no unit)
2024-08-30 23:00:18,899 - INFO - initialize data points...
2024-08-30 23:00:58,756 - INFO - 
--------------Physical Parameters--------------

Temperature: 1.7e-07 K
Trapping Frequency: 100000.0 Hz
Boltzmann constant: 20836619120.0 Hz/K
Mass of the atom: 1.4431609444805812e-25 kg
Normalization Constant: 4.493077990280913 (no unit)
2024-08-30 23:00:58,756 - INFO - initialize data points...
2024-08-30 23:01:08,108 - INFO - 
--------------Physical Parameters--------------

Temperature: 1.7e-07 K
Trapping Frequency: 100000.0 Hz
Boltzmann constant: 20836619120.0 Hz/K
Mass of the atom: 1.4431609444805812e-25 kg
Normalization Constant: 4.493077990280913 (no unit)
2024-08-30 23:01:08,108 - INFO - initialize data points...
2024-08-30 23:01:42,589 - INFO - 
--------------Physical Parameters--------------

Temperature: 1.7e-07 K
Trapping Frequency: 100000.0 Hz
Boltzmann constant: 20836619120.0 Hz/K
Mass of the atom: 1.4431609444805812e-25 kg
Normalization Constant: 4.493077990280913 (no unit)
2024-08-30 23:01:42,589 - INFO - initialize data points...
2024-08-30 23:01:52,608 - INFO - 
--------------Physical Parameters--------------

Temperature: 1.7e-07 K
Trapping Frequency: 100000.0 Hz
Boltzmann constant: 20836619120.0 Hz/K
Mass of the atom: 1.4431609444805812e-25 kg
Normalization Constant: 4.493077990280913 (no unit)
2024-08-30 23:01:52,608 - INFO - initialize data points...
2024-08-30 23:03:03,020 - INFO - 
--------------Physical Parameters--------------

Temperature: 1.7e-07 K
Trapping Frequency: 100000.0 Hz
Boltzmann constant: 20836619120.0 Hz/K
Mass of the atom: 1.4431609444805812e-25 kg
Normalization Constant: 4.493077990280913 (no unit)
2024-08-30 23:03:03,021 - INFO - initialize data points...
2024-08-30 23:03:09,079 - INFO - 
--------------Physical Parameters--------------

Temperature: 1.7e-07 K
Trapping Frequency: 100000.0 Hz
Boltzmann constant: 20836619120.0 Hz/K
Mass of the atom: 1.4431609444805812e-25 kg
Normalization Constant: 4.493077990280913 (no unit)
2024-08-30 23:03:09,079 - INFO - initialize data points...
2024-08-30 23:03:23,547 - INFO - 
--------------Physical Parameters--------------

Temperature: 1.7e-07 K
Trapping Frequency: 100000.0 Hz
Boltzmann constant: 20836619120.0 Hz/K
Mass of the atom: 1.4431609444805812e-25 kg
Normalization Constant: 4.493077990280913 (no unit)
2024-08-30 23:03:23,548 - INFO - initialize data points...
2024-08-30 23:03:47,693 - INFO - 
--------------Physical Parameters--------------

Temperature: 1.7e-07 K
Trapping Frequency: 100000.0 Hz
Boltzmann constant: 20836619120.0 Hz/K
Mass of the atom: 1.4431609444805812e-25 kg
Normalization Constant: 4.493077990280913 (no unit)
2024-08-30 23:03:47,693 - INFO - initialize data points...
2024-08-30 23:03:55,000 - INFO - 
--------------Physical Parameters--------------

Temperature: 1.7e-07 K
Trapping Frequency: 100000.0 Hz
Boltzmann constant: 20836619120.0 Hz/K
Mass of the atom: 1.4431609444805812e-25 kg
Normalization Constant: 4.493077990280913 (no unit)
2024-08-30 23:03:55,000 - INFO - initialize data points...
2024-08-30 23:04:14,087 - INFO - 
--------------Physical Parameters--------------

Temperature: 1.7e-07 K
Trapping Frequency: 100000.0 Hz
Boltzmann constant: 20836619120.0 Hz/K
Mass of the atom: 1.4431609444805812e-25 kg
Normalization Constant: 4.493077990280913 (no unit)
2024-08-30 23:04:14,087 - INFO - initialize data points...
2024-08-30 23:04:53,605 - INFO - 
--------------Physical Parameters--------------

Temperature: 1.7e-07 K
Trapping Frequency: 100000.0 Hz
Boltzmann constant: 20836619120.0 Hz/K
Mass of the atom: 1.4431609444805812e-25 kg
Normalization Constant: 4.493077990280913 (no unit)
2024-08-30 23:04:53,606 - INFO - initialize data points...
2024-08-30 23:05:03,202 - INFO - 
--------------Physical Parameters--------------

Temperature: 1.7e-07 K
Trapping Frequency: 100000.0 Hz
Boltzmann constant: 20836619120.0 Hz/K
Mass of the atom: 1.4431609444805812e-25 kg
Normalization Constant: 4.493077990280913 (no unit)
2024-08-30 23:05:03,203 - INFO - initialize data points...
2024-08-30 23:06:05,444 - INFO - 
--------------Physical Parameters--------------

Temperature: 1.7e-07 K
Trapping Frequency: 100000.0 Hz
Boltzmann constant: 20836619120.0 Hz/K
Mass of the atom: 1.4431609444805812e-25 kg
Normalization Constant: 4.493077990280913 (no unit)
2024-08-30 23:06:05,444 - INFO - initialize data points...
2024-08-30 23:07:17,889 - INFO - 
--------------Physical Parameters--------------

Temperature: 1.7e-07 K
Trapping Frequency: 100000.0 Hz
Boltzmann constant: 20836619120.0 Hz/K
Mass of the atom: 1.4431609444805812e-25 kg
Normalization Constant: 4.493077990280913 (no unit)
2024-08-30 23:07:17,889 - INFO - initialize data points...
2024-08-30 23:07:42,992 - INFO - 
--------------Physical Parameters--------------

Temperature: 1.7e-07 K
Trapping Frequency: 100000.0 Hz
Boltzmann constant: 20836619120.0 Hz/K
Mass of the atom: 1.4431609444805812e-25 kg
Normalization Constant: 4.493077990280913 (no unit)
2024-08-30 23:07:42,993 - INFO - initialize data points...
2024-08-30 23:08:44,174 - INFO - 
--------------Physical Parameters--------------

Temperature: 1.7e-07 K
Trapping Frequency: 100000.0 Hz
Boltzmann constant: 20836619120.0 Hz/K
Mass of the atom: 1.4431609444805812e-25 kg
Normalization Constant: 4.493077990280913 (no unit)
2024-08-30 23:08:44,174 - INFO - initialize data points...
2024-08-30 23:08:46,732 - INFO - Number of parameters: 2222
2024-08-30 23:08:46,812 - INFO - start training...
2024-08-30 23:08:57,271 - INFO - training time elapsed: 10.459125s
2024-08-30 23:08:57,906 - INFO - program time elapsed: 13.732912s
2024-08-30 23:09:30,186 - INFO - 
--------------Physical Parameters--------------

Temperature: 1.7e-07 K
Trapping Frequency: 100000.0 Hz
Boltzmann constant: 20836619120.0 Hz/K
Mass of the atom: 1.4431609444805812e-25 kg
Normalization Constant: 4.493077990280913 (no unit)
2024-08-30 23:09:30,186 - INFO - initialize data points...
2024-08-30 23:09:30,963 - INFO - load saved model...
2024-08-30 23:09:31,520 - INFO - start testing...
2024-08-30 23:09:41,653 - INFO - testing time elapsed: 10.132126s
2024-08-30 23:09:41,653 - INFO - program time elapsed: 11.467150s
2024-08-30 23:10:26,650 - INFO - 
--------------Physical Parameters--------------

Temperature: 1.7e-07 K
Trapping Frequency: 100000.0 Hz
Boltzmann constant: 20836619120.0 Hz/K
Mass of the atom: 1.4431609444805812e-25 kg
Normalization Constant: 4.493077990280913 (no unit)
2024-08-30 23:10:26,650 - INFO - initialize data points...
2024-08-30 23:10:27,541 - INFO - load saved model...
2024-08-30 23:10:28,130 - INFO - start testing...
2024-08-30 23:10:37,717 - INFO - testing time elapsed: 9.586912s
2024-08-30 23:10:37,717 - INFO - program time elapsed: 11.067779s
2024-08-30 23:11:32,120 - INFO - 
--------------Physical Parameters--------------

Temperature: 1.7e-07 K
Trapping Frequency: 100000.0 Hz
Boltzmann constant: 20836619120.0 Hz/K
Mass of the atom: 1.4431609444805812e-25 kg
Normalization Constant: 4.493077990280913 (no unit)
2024-08-30 23:11:32,120 - INFO - initialize data points...
2024-08-30 23:11:32,900 - INFO - load saved model...
2024-08-30 23:11:33,479 - INFO - start testing...
2024-08-30 23:11:43,661 - INFO - testing time elapsed: 10.181735s
2024-08-30 23:11:43,661 - INFO - program time elapsed: 11.541818s
2024-08-30 23:11:58,112 - INFO - 
--------------Physical Parameters--------------

Temperature: 1.7e-07 K
Trapping Frequency: 100000.0 Hz
Boltzmann constant: 20836619120.0 Hz/K
Mass of the atom: 1.4431609444805812e-25 kg
Normalization Constant: 4.493077990280913 (no unit)
2024-08-30 23:11:58,113 - INFO - initialize data points...
2024-08-30 23:11:59,889 - INFO - Number of parameters: 2222
2024-08-30 23:11:59,898 - INFO - start training...
2024-08-30 23:12:09,170 - INFO - training time elapsed: 9.271708s
2024-08-30 23:12:09,874 - INFO - program time elapsed: 11.762087s
2024-08-30 23:12:21,966 - INFO - 
--------------Physical Parameters--------------

Temperature: 1.7e-07 K
Trapping Frequency: 100000.0 Hz
Boltzmann constant: 20836619120.0 Hz/K
Mass of the atom: 1.4431609444805812e-25 kg
Normalization Constant: 4.493077990280913 (no unit)
2024-08-30 23:12:21,966 - INFO - initialize data points...
2024-08-30 23:12:22,797 - INFO - load saved model...
2024-08-30 23:12:23,380 - INFO - start testing...
2024-08-30 23:12:33,141 - INFO - testing time elapsed: 9.761575s
2024-08-30 23:12:33,142 - INFO - program time elapsed: 11.176448s
2024-08-30 23:38:59,680 - INFO - 
--------------Physical Parameters--------------

Temperature: 1.7e-07 K
Trapping Frequency: 100000.0 Hz
Boltzmann constant: 20836619120.0 Hz/K
Mass of the atom: 1.4431609444805812e-25 kg
Normalization Constant: 4.493077990280913 (no unit)
2024-08-30 23:38:59,682 - INFO - initialize data points...
2024-08-30 23:39:02,370 - INFO - Number of parameters: 2222
2024-08-30 23:39:02,454 - INFO - start training...
2024-08-30 23:39:03,559 - INFO - training time elapsed: 1.104194s
2024-08-30 23:39:04,169 - INFO - program time elapsed: 4.490856s
2024-08-30 23:39:18,000 - INFO - 
--------------Physical Parameters--------------

Temperature: 1.7e-07 K
Trapping Frequency: 100000.0 Hz
Boltzmann constant: 20836619120.0 Hz/K
Mass of the atom: 1.4431609444805812e-25 kg
Normalization Constant: 4.493077990280913 (no unit)
2024-08-30 23:39:18,000 - INFO - initialize data points...
2024-08-30 23:39:18,820 - INFO - load saved model...
2024-08-30 23:39:19,399 - INFO - start testing...
2024-08-30 23:39:29,537 - INFO - testing time elapsed: 10.138567s
2024-08-30 23:39:29,538 - INFO - program time elapsed: 11.538059s
2024-08-30 23:41:10,161 - INFO - 
--------------Physical Parameters--------------

Temperature: 1.7e-07 K
Trapping Frequency: 100000.0 Hz
Boltzmann constant: 20836619120.0 Hz/K
Mass of the atom: 1.4431609444805812e-25 kg
Normalization Constant: 4.493077990280913 (no unit)
2024-08-30 23:41:10,161 - INFO - initialize data points...
2024-08-30 23:41:11,960 - INFO - Number of parameters: 2222
2024-08-30 23:41:11,974 - INFO - start training...
2024-08-30 23:41:13,367 - INFO - training time elapsed: 1.393329s
2024-08-30 23:41:14,004 - INFO - program time elapsed: 3.843048s
2024-08-30 23:41:28,515 - INFO - 
--------------Physical Parameters--------------

Temperature: 1.7e-07 K
Trapping Frequency: 100000.0 Hz
Boltzmann constant: 20836619120.0 Hz/K
Mass of the atom: 1.4431609444805812e-25 kg
Normalization Constant: 4.493077990280913 (no unit)
2024-08-30 23:41:28,515 - INFO - initialize data points...
2024-08-30 23:41:29,298 - INFO - load saved model...
2024-08-30 23:41:29,849 - INFO - start testing...
2024-08-30 23:41:39,428 - INFO - testing time elapsed: 9.578886s
2024-08-30 23:41:39,428 - INFO - program time elapsed: 10.913448s
2024-08-30 23:42:20,370 - INFO - 
--------------Physical Parameters--------------

Temperature: 1.7e-07 K
Trapping Frequency: 100000.0 Hz
Boltzmann constant: 20836619120.0 Hz/K
Mass of the atom: 1.4431609444805812e-25 kg
Normalization Constant: 4.493077990280913 (no unit)
2024-08-30 23:42:20,370 - INFO - initialize data points...
2024-08-30 23:42:23,973 - INFO - load saved model...
2024-08-30 23:42:24,535 - INFO - start testing...
2024-08-30 23:42:36,610 - INFO - testing time elapsed: 12.074648s
2024-08-30 23:42:36,610 - INFO - program time elapsed: 16.240334s
2024-08-30 23:43:43,566 - INFO - 
--------------Physical Parameters--------------

Temperature: 1.7e-07 K
Trapping Frequency: 100000.0 Hz
Boltzmann constant: 20836619120.0 Hz/K
Mass of the atom: 1.4431609444805812e-25 kg
Normalization Constant: 4.493077990280913 (no unit)
2024-08-30 23:43:43,566 - INFO - initialize data points...
2024-08-30 23:43:47,281 - INFO - load saved model...
2024-08-30 23:43:47,886 - INFO - start testing...
2024-08-30 23:44:18,822 - INFO - testing time elapsed: 30.935103s
2024-08-30 23:44:18,822 - INFO - program time elapsed: 35.259267s
2024-08-30 23:44:46,559 - INFO - 
--------------Physical Parameters--------------

Temperature: 1.7e-07 K
Trapping Frequency: 100000.0 Hz
Boltzmann constant: 20836619120.0 Hz/K
Mass of the atom: 1.4431609444805812e-25 kg
Normalization Constant: 4.493077990280913 (no unit)
2024-08-30 23:44:46,559 - INFO - initialize data points...
2024-08-30 23:44:51,538 - INFO - Number of parameters: 2201
2024-08-30 23:44:51,558 - INFO - start training...
2024-08-30 23:45:40,322 - INFO - 
--------------Physical Parameters--------------

Temperature: 1.7e-07 K
Trapping Frequency: 100000.0 Hz
Boltzmann constant: 20836619120.0 Hz/K
Mass of the atom: 1.4431609444805812e-25 kg
Normalization Constant: 4.493077990280913 (no unit)
2024-08-30 23:45:40,322 - INFO - initialize data points...
2024-08-30 23:45:45,424 - INFO - Number of parameters: 2222
2024-08-30 23:45:45,458 - INFO - start training...
2024-08-30 23:48:31,593 - INFO - training time elapsed: 166.134101s
2024-08-30 23:48:32,295 - INFO - program time elapsed: 171.973162s
2024-08-30 23:51:11,862 - INFO - 
--------------Physical Parameters--------------

Temperature: 1.7e-07 K
Trapping Frequency: 100000.0 Hz
Boltzmann constant: 20836619120.0 Hz/K
Mass of the atom: 1.4431609444805812e-25 kg
Normalization Constant: 4.493077990280913 (no unit)
2024-08-30 23:51:11,862 - INFO - initialize data points...
2024-08-30 23:51:15,474 - INFO - load saved model...
2024-08-30 23:51:16,025 - INFO - start testing...
2024-08-30 23:51:59,948 - INFO - testing time elapsed: 43.923303s
2024-08-30 23:51:59,948 - INFO - program time elapsed: 48.086854s
