2024-08-27 10:23:39,962 - INFO - 
--------------Physical Parameters--------------

Temperature: 1.7e-07 K
Trapping Frequency: 100000.0 Hz
Boltzmann constant: 20836619120.0 Hz/K
Mass of the atom: 1.4431609444805812e-25 kg
Normalization Constant: 4.493077990280913 (no unit)
2024-08-27 10:23:39,962 - INFO - initialize data points...
2024-08-27 10:24:06,716 - INFO - 
--------------Physical Parameters--------------

Temperature: 1.7e-07 K
Trapping Frequency: 100000.0 Hz
Boltzmann constant: 20836619120.0 Hz/K
Mass of the atom: 1.4431609444805812e-25 kg
Normalization Constant: 4.493077990280913 (no unit)
2024-08-27 10:24:06,716 - INFO - initialize data points...
2024-08-27 10:25:10,054 - INFO - 
--------------Physical Parameters--------------

Temperature: 1.7e-07 K
Trapping Frequency: 100000.0 Hz
Boltzmann constant: 20836619120.0 Hz/K
Mass of the atom: 1.4431609444805812e-25 kg
Normalization Constant: 4.493077990280913 (no unit)
2024-08-27 10:25:10,054 - INFO - initialize data points...
2024-08-27 10:25:32,120 - INFO - 
--------------Physical Parameters--------------

Temperature: 1.7e-07 K
Trapping Frequency: 100000.0 Hz
Boltzmann constant: 20836619120.0 Hz/K
Mass of the atom: 1.4431609444805812e-25 kg
Normalization Constant: 4.493077990280913 (no unit)
2024-08-27 10:25:32,120 - INFO - initialize data points...
2024-08-27 10:26:13,452 - INFO - 
--------------Physical Parameters--------------

Temperature: 1.7e-07 K
Trapping Frequency: 100000.0 Hz
Boltzmann constant: 20836619120.0 Hz/K
Mass of the atom: 1.4431609444805812e-25 kg
Normalization Constant: 4.493077990280913 (no unit)
2024-08-27 10:26:13,452 - INFO - initialize data points...
2024-08-27 10:26:56,465 - INFO - 
--------------Physical Parameters--------------

Temperature: 1.7e-07 K
Trapping Frequency: 100000.0 Hz
Boltzmann constant: 20836619120.0 Hz/K
Mass of the atom: 1.4431609444805812e-25 kg
Normalization Constant: 4.493077990280913 (no unit)
2024-08-27 10:26:56,466 - INFO - initialize data points...
2024-08-27 10:28:07,170 - INFO - 
--------------Physical Parameters--------------

Temperature: 1.7e-07 K
Trapping Frequency: 100000.0 Hz
Boltzmann constant: 20836619120.0 Hz/K
Mass of the atom: 1.4431609444805812e-25 kg
Normalization Constant: 4.493077990280913 (no unit)
2024-08-27 10:28:07,170 - INFO - initialize data points...
2024-08-27 10:29:03,313 - INFO - 
--------------Physical Parameters--------------

Temperature: 1.7e-07 K
Trapping Frequency: 100000.0 Hz
Boltzmann constant: 20836619120.0 Hz/K
Mass of the atom: 1.4431609444805812e-25 kg
Normalization Constant: 4.493077990280913 (no unit)
2024-08-27 10:29:03,313 - INFO - initialize data points...
2024-08-27 10:29:49,419 - INFO - 
--------------Physical Parameters--------------

Temperature: 1.7e-07 K
Trapping Frequency: 100000.0 Hz
Boltzmann constant: 20836619120.0 Hz/K
Mass of the atom: 1.4431609444805812e-25 kg
Normalization Constant: 4.493077990280913 (no unit)
2024-08-27 10:29:49,419 - INFO - initialize data points...
2024-08-27 10:29:58,456 - INFO - 
--------------Physical Parameters--------------

Temperature: 1.7e-07 K
Trapping Frequency: 100000.0 Hz
Boltzmann constant: 20836619120.0 Hz/K
Mass of the atom: 1.4431609444805812e-25 kg
Normalization Constant: 4.493077990280913 (no unit)
2024-08-27 10:29:58,457 - INFO - initialize data points...
2024-08-27 10:50:48,165 - INFO - 
--------------Physical Parameters--------------

Temperature: 1.7e-07 K
Trapping Frequency: 100000.0 Hz
Boltzmann constant: 20836619120.0 Hz/K
Mass of the atom: 1.4431609444805812e-25 kg
Normalization Constant: 4.493077990280913 (no unit)
2024-08-27 10:50:48,165 - INFO - initialize data points...
2024-08-27 10:53:19,070 - INFO - 
--------------Physical Parameters--------------

Temperature: 1.7e-07 K
Trapping Frequency: 100000.0 Hz
Boltzmann constant: 20836619120.0 Hz/K
Mass of the atom: 1.4431609444805812e-25 kg
Normalization Constant: 4.493077990280913 (no unit)
2024-08-27 10:53:19,070 - INFO - initialize data points...
2024-08-27 10:56:57,701 - INFO - 
--------------Physical Parameters--------------

Temperature: 1.7e-07 K
Trapping Frequency: 100000.0 Hz
Boltzmann constant: 20836619120.0 Hz/K
Mass of the atom: 1.4431609444805812e-25 kg
Normalization Constant: 4.493077990280913 (no unit)
2024-08-27 10:56:57,701 - INFO - initialize data points...
2024-08-27 10:57:14,067 - INFO - 
--------------Physical Parameters--------------

Temperature: 1.7e-07 K
Trapping Frequency: 100000.0 Hz
Boltzmann constant: 20836619120.0 Hz/K
Mass of the atom: 1.4431609444805812e-25 kg
Normalization Constant: 4.493077990280913 (no unit)
2024-08-27 10:57:14,067 - INFO - initialize data points...
2024-08-27 10:59:04,669 - INFO - 
--------------Physical Parameters--------------

Temperature: 1.7e-07 K
Trapping Frequency: 100000.0 Hz
Boltzmann constant: 20836619120.0 Hz/K
Mass of the atom: 1.4431609444805812e-25 kg
Normalization Constant: 4.493077990280913 (no unit)
2024-08-27 10:59:04,669 - INFO - initialize data points...
2024-08-27 11:06:14,209 - INFO - 
--------------Physical Parameters--------------

Temperature: 1.7e-07 K
Trapping Frequency: 100000.0 Hz
Boltzmann constant: 20836619120.0 Hz/K
Mass of the atom: 1.4431609444805812e-25 kg
Normalization Constant: 4.493077990280913 (no unit)
2024-08-27 11:06:14,210 - INFO - initialize data points...
2024-08-27 11:06:15,634 - INFO - train_init_pts shape: torch.Size([200, 3])
2024-08-27 11:06:15,635 - INFO - train_init_phi shape: torch.Size([200, 1])
2024-08-27 11:06:15,635 - INFO - train_col_pts shape: torch.Size([600, 3])

2024-08-27 11:06:15,635 - INFO - val_init_pts shape: torch.Size([200, 3])
2024-08-27 11:06:15,635 - INFO - val_init_phi shape: torch.Size([200, 1])
2024-08-27 11:06:15,635 - INFO - val_col_pts shape: torch.Size([600, 3])

2024-08-27 11:06:15,635 - INFO - X_flatten shape: torch.Size([1000000, 1])
2024-08-27 11:06:15,635 - INFO - Y_flatten shape: torch.Size([1000000, 1])
2024-08-27 11:06:15,635 - INFO - T_flatten shape: torch.Size([1000000, 1])
2024-08-27 11:07:01,375 - INFO - 
--------------Physical Parameters--------------

Temperature: 1.7e-07 K
Trapping Frequency: 100000.0 Hz
Boltzmann constant: 20836619120.0 Hz/K
Mass of the atom: 1.4431609444805812e-25 kg
Normalization Constant: 4.493077990280913 (no unit)
2024-08-27 11:07:01,375 - INFO - initialize data points...
2024-08-27 11:07:02,668 - INFO - train_init_pts shape: torch.Size([200, 3])
2024-08-27 11:07:02,669 - INFO - train_init_phi shape: torch.Size([200, 1])
2024-08-27 11:07:02,669 - INFO - train_col_pts shape: torch.Size([600, 3])

2024-08-27 11:07:02,669 - INFO - val_init_pts shape: torch.Size([200, 3])
2024-08-27 11:07:02,669 - INFO - val_init_phi shape: torch.Size([200, 1])
2024-08-27 11:07:02,669 - INFO - val_col_pts shape: torch.Size([600, 3])

2024-08-27 11:07:02,669 - INFO - X_flatten shape: torch.Size([1000000, 1])
2024-08-27 11:07:02,669 - INFO - Y_flatten shape: torch.Size([1000000, 1])
2024-08-27 11:07:02,669 - INFO - T_flatten shape: torch.Size([1000000, 1])
2024-08-27 11:07:03,966 - INFO - Number of parameters: 3041
2024-08-27 11:07:49,068 - INFO - 
--------------Physical Parameters--------------

Temperature: 1.7e-07 K
Trapping Frequency: 100000.0 Hz
Boltzmann constant: 20836619120.0 Hz/K
Mass of the atom: 1.4431609444805812e-25 kg
Normalization Constant: 4.493077990280913 (no unit)
2024-08-27 11:07:49,068 - INFO - initialize data points...
2024-08-27 11:07:50,343 - INFO - train_init_pts shape: torch.Size([200, 3])
2024-08-27 11:07:50,343 - INFO - train_init_phi shape: torch.Size([200, 1])
2024-08-27 11:07:50,343 - INFO - train_col_pts shape: torch.Size([600, 3])

2024-08-27 11:07:50,343 - INFO - val_init_pts shape: torch.Size([200, 3])
2024-08-27 11:07:50,343 - INFO - val_init_phi shape: torch.Size([200, 1])
2024-08-27 11:07:50,343 - INFO - val_col_pts shape: torch.Size([600, 3])

2024-08-27 11:07:50,343 - INFO - X_flatten shape: torch.Size([1000000, 1])
2024-08-27 11:07:50,343 - INFO - Y_flatten shape: torch.Size([1000000, 1])
2024-08-27 11:07:50,344 - INFO - T_flatten shape: torch.Size([1000000, 1])
2024-08-27 11:07:50,888 - INFO - Number of parameters: 3041
2024-08-27 11:08:09,456 - INFO - 
--------------Physical Parameters--------------

Temperature: 1.7e-07 K
Trapping Frequency: 100000.0 Hz
Boltzmann constant: 20836619120.0 Hz/K
Mass of the atom: 1.4431609444805812e-25 kg
Normalization Constant: 4.493077990280913 (no unit)
2024-08-27 11:08:09,456 - INFO - initialize data points...
2024-08-27 11:08:10,789 - INFO - train_init_pts shape: torch.Size([200, 3])
2024-08-27 11:08:10,789 - INFO - train_init_phi shape: torch.Size([200, 1])
2024-08-27 11:08:10,789 - INFO - train_col_pts shape: torch.Size([600, 3])

2024-08-27 11:08:10,789 - INFO - val_init_pts shape: torch.Size([200, 3])
2024-08-27 11:08:10,789 - INFO - val_init_phi shape: torch.Size([200, 1])
2024-08-27 11:08:10,789 - INFO - val_col_pts shape: torch.Size([600, 3])

2024-08-27 11:08:10,789 - INFO - X_flatten shape: torch.Size([1000000, 1])
2024-08-27 11:08:10,789 - INFO - Y_flatten shape: torch.Size([1000000, 1])
2024-08-27 11:08:10,789 - INFO - T_flatten shape: torch.Size([1000000, 1])
2024-08-27 11:08:11,378 - INFO - Number of parameters: 3041
2024-08-27 11:08:11,391 - INFO - start training...
2024-08-27 11:08:13,811 - INFO - training time elapsed: 2.419663s
2024-08-27 11:08:14,276 - INFO - program time elapsed: 4.820558s
2024-08-27 11:13:22,870 - INFO - 
--------------Physical Parameters--------------

Temperature: 1.7e-07 K
Trapping Frequency: 100000.0 Hz
Boltzmann constant: 20836619120.0 Hz/K
Mass of the atom: 1.4431609444805812e-25 kg
Normalization Constant: 4.493077990280913 (no unit)
2024-08-27 11:13:22,870 - INFO - initialize data points...
2024-08-27 11:13:24,376 - INFO - train_init_pts shape: torch.Size([200, 3])
2024-08-27 11:13:24,376 - INFO - train_init_phi shape: torch.Size([200, 1])
2024-08-27 11:13:24,376 - INFO - train_col_pts shape: torch.Size([600, 3])

2024-08-27 11:13:24,377 - INFO - val_init_pts shape: torch.Size([200, 3])
2024-08-27 11:13:24,377 - INFO - val_init_phi shape: torch.Size([200, 1])
2024-08-27 11:13:24,377 - INFO - val_col_pts shape: torch.Size([600, 3])

2024-08-27 11:13:24,377 - INFO - X_flatten shape: torch.Size([1000000, 1])
2024-08-27 11:13:24,377 - INFO - Y_flatten shape: torch.Size([1000000, 1])
2024-08-27 11:13:24,377 - INFO - T_flatten shape: torch.Size([1000000, 1])
2024-08-27 11:13:24,974 - INFO - Number of parameters: 3041
2024-08-27 11:14:07,306 - INFO - 
--------------Physical Parameters--------------

Temperature: 1.7e-07 K
Trapping Frequency: 100000.0 Hz
Boltzmann constant: 20836619120.0 Hz/K
Mass of the atom: 1.4431609444805812e-25 kg
Normalization Constant: 4.493077990280913 (no unit)
2024-08-27 11:14:07,306 - INFO - initialize data points...
2024-08-27 11:14:08,622 - INFO - train_init_pts shape: torch.Size([200, 3])
2024-08-27 11:14:08,622 - INFO - train_init_phi shape: torch.Size([200, 1])
2024-08-27 11:14:08,622 - INFO - train_col_pts shape: torch.Size([600, 3])

2024-08-27 11:14:08,622 - INFO - val_init_pts shape: torch.Size([200, 3])
2024-08-27 11:14:08,622 - INFO - val_init_phi shape: torch.Size([200, 1])
2024-08-27 11:14:08,622 - INFO - val_col_pts shape: torch.Size([600, 3])

2024-08-27 11:14:08,622 - INFO - X_flatten shape: torch.Size([1000000, 1])
2024-08-27 11:14:08,622 - INFO - Y_flatten shape: torch.Size([1000000, 1])
2024-08-27 11:14:08,622 - INFO - T_flatten shape: torch.Size([1000000, 1])
2024-08-27 11:14:09,171 - INFO - Number of parameters: 3041
2024-08-27 11:14:09,180 - INFO - start training...
2024-08-27 11:14:11,739 - INFO - training time elapsed: 2.558696s
2024-08-27 11:14:12,221 - INFO - program time elapsed: 4.916246s
2024-08-27 11:15:01,512 - INFO - 
--------------Physical Parameters--------------

Temperature: 1.7e-07 K
Trapping Frequency: 100000.0 Hz
Boltzmann constant: 20836619120.0 Hz/K
Mass of the atom: 1.4431609444805812e-25 kg
Normalization Constant: 4.493077990280913 (no unit)
2024-08-27 11:15:01,512 - INFO - initialize data points...
2024-08-27 11:15:03,066 - INFO - train_init_pts shape: torch.Size([200, 3])
2024-08-27 11:15:03,067 - INFO - train_init_phi shape: torch.Size([200, 1])
2024-08-27 11:15:03,067 - INFO - train_col_pts shape: torch.Size([600, 3])

2024-08-27 11:15:03,067 - INFO - val_init_pts shape: torch.Size([200, 3])
2024-08-27 11:15:03,067 - INFO - val_init_phi shape: torch.Size([200, 1])
2024-08-27 11:15:03,067 - INFO - val_col_pts shape: torch.Size([600, 3])

2024-08-27 11:15:03,067 - INFO - X_flatten shape: torch.Size([1000000, 1])
2024-08-27 11:15:03,067 - INFO - Y_flatten shape: torch.Size([1000000, 1])
2024-08-27 11:15:03,067 - INFO - T_flatten shape: torch.Size([1000000, 1])
2024-08-27 11:15:03,671 - INFO - Number of parameters: 3041
2024-08-27 11:15:03,685 - INFO - start training...
2024-08-27 11:15:06,383 - INFO - training time elapsed: 2.698327s
2024-08-27 11:15:06,858 - INFO - program time elapsed: 5.346191s
