2024-07-30 13:56:14,033 - INFO - N_boundary: 200
N_boundary_val: 100
N_collocation: 600
N_collocation_val: 300
T: 1.7e-07
checkpoint: ./checkpoints\debug
checkpoint_path: ./checkpoints
debug: True
early_stopping: False
epochs: 10
grid_size: 100
k: 20836619120.0
layers: [3, 20, 20, 20, 20, 1]
learning_rate: 0.01
log_freq: 1
log_loss: False
log_path: ./logs
log_sol: False
m: 1.4431609444805812e-25
model_path: ./models
name: debug
noise_level: 0.0
optimizer: l-bfgs
output_path: ./outputs
p_min_max: [-5, 5]
patience: 10
phase: train
pinn: False
q_min_max: [-5, 5]
save_freq: 1000
seed: 0
t_min_max: [0, 10]
tolerance: 1e-05
w0: 100000.0

2024-07-30 14:01:03,380 - INFO - N_boundary: 200
N_boundary_val: 100
N_collocation: 600
N_collocation_val: 300
T: 1.7e-07
checkpoint: ./checkpoints\debug
checkpoint_path: ./checkpoints
debug: True
early_stopping: False
epochs: 10
grid_size: 100
k: 20836619120.0
layers: [3, 20, 20, 20, 20, 1]
learning_rate: 0.01
log_freq: 1
log_loss: False
log_path: ./logs
log_sol: False
m: 1.4431609444805812e-25
model_path: ./models
name: debug
noise_level: 0.0
optimizer: l-bfgs
output_path: ./outputs
p_min_max: [-5, 5]
patience: 10
phase: train
pinn: False
q_min_max: [-5, 5]
save_freq: 1000
seed: 0
t_min_max: [0, 10]
tolerance: 1e-05
w0: 100000.0

2024-07-30 14:07:37,679 - INFO - N0: 4.493077990280913
N_boundary: 200
N_boundary_val: 100
N_collocation: 600
N_collocation_val: 300
T: 1.7e-07
checkpoint: ./checkpoints\debug
checkpoint_path: ./checkpoints
debug: True
device: cpu
early_stopping: False
epochs: 10
grid_size: 100
k: 20836619120.0
layers: [3, 20, 20, 20, 20, 1]
learning_rate: 0.01
log_freq: 1
log_loss: False
log_path: ./logs
log_sol: False
m: 1.4431609444805812e-25
model_path: ./models
name: debug
noise_level: 0.0
optimizer: l-bfgs
output_path: ./outputs
p_min_max: [-5, 5]
patience: 10
phase: train
pinn: False
q_min_max: [-5, 5]
save_freq: 1000
seed: 0
t_min_max: [0, 10]
tolerance: 1e-05
w0: 100000.0

2024-07-30 14:09:59,516 - INFO - N0: 4.493077990280913
N_boundary: 200
N_boundary_val: 100
N_collocation: 600
N_collocation_val: 300
T: 1.7e-07
checkpoint: ./checkpoints\debug
checkpoint_path: ./checkpoints
debug: True
device: cpu
early_stopping: False
epochs: 10
grid_size: 100
k: 20836619120.0
layers: [3, 20, 20, 20, 20, 1]
learning_rate: 0.01
log_freq: 1
log_loss: False
log_path: ./logs
log_sol: False
m: 1.4431609444805812e-25
model_path: ./models
name: debug
noise_level: 0.0
optimizer: l-bfgs
output_path: ./outputs
p_min_max: [-5, 5]
patience: 10
phase: train
pinn: False
q_min_max: [-5, 5]
save_freq: 1000
seed: 0
t_min_max: [0, 10]
tolerance: 1e-05
w0: 100000.0

2024-07-30 14:11:22,417 - INFO - N0: 4.493077990280913
N_boundary: 200
N_boundary_val: 100
N_collocation: 600
N_collocation_val: 300
T: 1.7e-07
checkpoint: ./checkpoints\debug
checkpoint_path: ./checkpoints
debug: True
device: cpu
early_stopping: False
epochs: 10
grid_size: 100
k: 20836619120.0
layers: [3, 20, 20, 20, 20, 1]
learning_rate: 0.01
log_freq: 1
log_loss: False
log_path: ./logs
log_sol: False
m: 1.4431609444805812e-25
model_path: ./models
name: debug
noise_level: 0.0
optimizer: adam
output_path: ./outputs
p_min_max: [-5, 5]
patience: 10
phase: train
pinn: False
q_min_max: [-5, 5]
save_freq: 1000
seed: 0
t_min_max: [0, 10]
tolerance: 1e-05
w0: 100000.0

2024-07-30 14:13:35,953 - INFO - N0: 4.493077990280913
N_boundary: 200
N_boundary_val: 100
N_collocation: 600
N_collocation_val: 300
T: 1.7e-07
checkpoint: ./checkpoints\debug
checkpoint_path: ./checkpoints
debug: True
device: cpu
early_stopping: False
epochs: 10
grid_size: 100
k: 20836619120.0
layers: [3, 20, 20, 20, 20, 1]
learning_rate: 0.01
log_freq: 1
log_loss: True
log_path: ./logs
log_sol: False
m: 1.4431609444805812e-25
model_path: ./models
name: debug
noise_level: 0.0
optimizer: adam
output_path: ./outputs
p_min_max: [-5, 5]
patience: 10
phase: train
pinn: False
q_min_max: [-5, 5]
save_freq: 1000
seed: 0
t_min_max: [0, 10]
tolerance: 1e-05
w0: 100000.0

2024-07-30 14:16:07,841 - INFO - N0: 4.493077990280913
N_boundary: 200
N_boundary_val: 100
N_collocation: 600
N_collocation_val: 300
PDE_weight: 0.25
T: 1.7e-07
checkpoint: ./checkpoints\debug
checkpoint_path: ./checkpoints
debug: True
device: cpu
early_stopping: False
epochs: 10
grid_size: 100
k: 20836619120.0
layers: [3, 20, 20, 20, 20, 1]
learning_rate: 0.01
log_freq: 1
log_loss: True
log_path: ./logs
log_sol: False
m: 1.4431609444805812e-25
model_path: ./models
name: debug
noise_level: 0.0
optimizer: adam
output_path: ./outputs
p_min_max: [-5, 5]
patience: 10
phase: train
pinn: False
q_min_max: [-5, 5]
save_freq: 1000
seed: 0
t_min_max: [0, 10]
tolerance: 1e-05
w0: 100000.0

2024-07-30 14:17:01,333 - INFO - N0: 4.493077990280913
N_boundary: 200
N_boundary_val: 100
N_collocation: 600
N_collocation_val: 300
PDE_weight: 0.25
T: 1.7e-07
checkpoint: ./checkpoints\debug
checkpoint_path: ./checkpoints
debug: True
device: cpu
early_stopping: False
epochs: 10
grid_size: 100
k: 20836619120.0
layers: [3, 20, 20, 20, 20, 1]
learning_rate: 0.01
log_freq: 1
log_loss: True
log_path: ./logs
log_sol: False
m: 1.4431609444805812e-25
model_path: ./models
name: debug
noise_level: 0.0
optimizer: adam
output_path: ./outputs
p_min_max: [-5, 5]
patience: 10
phase: train
pinn: False
q_min_max: [-5, 5]
save_freq: 1000
seed: 0
t_min_max: [0, 10]
tolerance: 1e-05
w0: 100000.0

2024-07-30 14:25:24,508 - INFO - N0: 4.493077990280913
N_boundary: 200
N_boundary_val: 100
N_collocation: 600
N_collocation_val: 300
PDE_weight: 0.25
T: 1.7e-07
checkpoint: ./checkpoints\debug
checkpoint_path: ./checkpoints
debug: True
device: cpu
early_stopping: False
epochs: 10
grid_size: 100
k: 20836619120.0
layers: [3, 20, 20, 20, 20, 1]
learning_rate: 0.01
log_freq: 1
log_loss: True
log_path: ./logs
log_sol: False
m: 1.4431609444805812e-25
model_path: ./models
name: debug
noise_level: 0.0
optimizer: adam
output_path: ./outputs
p_min_max: [-5, 5]
patience: 10
phase: train
pinn: False
q_min_max: [-5, 5]
save_freq: 1000
seed: 0
t_min_max: [0, 10]
tolerance: 1e-05
w0: 100000.0

2024-07-30 14:25:50,136 - INFO - N0: 4.493077990280913
N_boundary: 200
N_boundary_val: 100
N_collocation: 600
N_collocation_val: 300
PDE_weight: 0.25
T: 1.7e-07
checkpoint: ./checkpoints\debug
checkpoint_path: ./checkpoints
debug: True
device: cpu
early_stopping: False
epochs: 10
grid_size: 100
k: 20836619120.0
layers: [3, 20, 20, 20, 20, 1]
learning_rate: 0.01
log_freq: 1
log_loss: True
log_path: ./logs
log_sol: False
m: 1.4431609444805812e-25
model_path: ./models
name: debug
noise_level: 0.0
optimizer: l-bfgs
output_path: ./outputs
p_min_max: [-5, 5]
patience: 10
phase: train
pinn: False
q_min_max: [-5, 5]
save_freq: 1000
seed: 0
t_min_max: [0, 10]
tolerance: 1e-05
w0: 100000.0

2024-07-30 14:26:31,403 - INFO - N0: 4.493077990280913
N_boundary: 200
N_boundary_val: 100
N_collocation: 600
N_collocation_val: 300
PDE_weight: 0.25
T: 1.7e-07
checkpoint: ./checkpoints\debug
checkpoint_path: ./checkpoints
debug: True
device: cpu
early_stopping: False
epochs: 10
grid_size: 100
k: 20836619120.0
layers: [3, 20, 20, 20, 20, 1]
learning_rate: 0.01
log_freq: 1
log_loss: True
log_path: ./logs
log_sol: False
m: 1.4431609444805812e-25
model_path: ./models
name: debug
noise_level: 0.0
optimizer: l-bfgs
output_path: ./outputs
p_min_max: [-5, 5]
patience: 10
phase: train
pinn: False
q_min_max: [-5, 5]
save_freq: 1000
seed: 0
t_min_max: [0, 10]
tolerance: 1e-05
w0: 100000.0

2024-07-30 14:28:07,722 - INFO - N0: 4.493077990280913
N_boundary: 200
N_boundary_val: 100
N_collocation: 600
N_collocation_val: 300
PDE_weight: 0.25
T: 1.7e-07
checkpoint: ./checkpoints\debug
checkpoint_path: ./checkpoints
debug: True
device: cpu
early_stopping: False
epochs: 10
grid_size: 100
k: 20836619120.0
layers: [3, 20, 20, 20, 20, 1]
learning_rate: 0.01
log_freq: 1
log_loss: True
log_path: ./logs
log_sol: False
m: 1.4431609444805812e-25
model_path: ./models
name: debug
noise_level: 0.0
optimizer: l-bfgs
output_path: ./outputs
p_min_max: [-5, 5]
patience: 10
phase: train
pinn: False
q_min_max: [-5, 5]
save_freq: 1000
seed: 0
t_min_max: [0, 10]
tolerance: 1e-05
w0: 100000.0

2024-07-30 14:29:37,487 - INFO - N0: 4.493077990280913
N_boundary: 200
N_boundary_val: 100
N_collocation: 600
N_collocation_val: 300
PDE_weight: 0.25
T: 1.7e-07
checkpoint: ./checkpoints\debug
checkpoint_path: ./checkpoints
debug: True
device: cpu
early_stopping: False
epochs: 10
grid_size: 100
k: 20836619120.0
layers: [3, 20, 20, 20, 20, 1]
learning_rate: 0.01
log_freq: 1
log_loss: True
log_path: ./logs
log_sol: False
m: 1.4431609444805812e-25
model_path: ./models
name: debug
noise_level: 0.0
optimizer: l-bfgs
output_path: ./outputs
p_min_max: [-5, 5]
patience: 10
phase: train
pinn: False
q_min_max: [-5, 5]
save_freq: 1000
seed: 0
t_min_max: [0, 10]
tolerance: 1e-05
w0: 100000.0

2024-07-30 14:30:11,824 - INFO - N0: 4.493077990280913
N_boundary: 200
N_boundary_val: 100
N_collocation: 600
N_collocation_val: 300
PDE_weight: 0.25
T: 1.7e-07
checkpoint: ./checkpoints\debug
checkpoint_path: ./checkpoints
debug: True
device: cpu
early_stopping: False
epochs: 10
grid_size: 100
k: 20836619120.0
layers: [3, 20, 20, 20, 20, 1]
learning_rate: 0.01
log_freq: 1
log_loss: True
log_path: ./logs
log_sol: False
m: 1.4431609444805812e-25
model_path: ./models
name: debug
noise_level: 0.0
optimizer: l-bfgs
output_path: ./outputs
p_min_max: [-5, 5]
patience: 10
phase: train
pinn: False
q_min_max: [-5, 5]
save_freq: 1000
seed: 0
t_min_max: [0, 10]
tolerance: 1e-05
w0: 100000.0

2024-07-30 14:36:47,389 - INFO - N0: 4.493077990280913
N_boundary: 200
N_boundary_val: 100
N_collocation: 600
N_collocation_val: 300
PDE_weight: 0.25
T: 1.7e-07
checkpoint: ./checkpoints\debug
checkpoint_path: ./checkpoints
debug: True
device: cpu
early_stopping: False
epochs: 10
grid_size: 100
k: 20836619120.0
layers: [3, 20, 20, 20, 20, 1]
learning_rate: 0.01
log_freq: 1
log_loss: True
log_path: ./logs
log_sol: False
m: 1.4431609444805812e-25
model_path: ./models
name: debug
noise_level: 0.0
optimizer: l-bfgs
output_path: ./outputs
p_min_max: [-5, 5]
patience: 10
phase: train
pinn: False
q_min_max: [-5, 5]
save_freq: 1000
seed: 0
t_min_max: [0, 10]
tolerance: 1e-05
w0: 100000.0

2024-07-30 14:37:37,186 - INFO - N0: 4.493077990280913
N_boundary: 200
N_boundary_val: 100
N_collocation: 600
N_collocation_val: 300
PDE_weight: 0.25
T: 1.7e-07
checkpoint: ./checkpoints\debug
checkpoint_path: ./checkpoints
debug: True
device: cpu
early_stopping: False
epochs: 10
grid_size: 100
k: 20836619120.0
layers: [3, 20, 20, 20, 20, 1]
learning_rate: 0.01
log_freq: 1
log_loss: True
log_path: ./logs
log_sol: False
m: 1.4431609444805812e-25
model_path: ./models
name: debug
noise_level: 0.0
optimizer: l-bfgs
output_path: ./outputs
p_min_max: [-5, 5]
patience: 10
phase: train
pinn: False
q_min_max: [-5, 5]
save_freq: 1000
seed: 0
t_min_max: [0, 10]
tolerance: 1e-05
w0: 100000.0

2024-07-30 14:38:44,236 - INFO - N0: 4.493077990280913
N_boundary: 200
N_boundary_val: 100
N_collocation: 600
N_collocation_val: 300
PDE_weight: 0.25
T: 1.7e-07
checkpoint: ./checkpoints\debug
checkpoint_path: ./checkpoints
debug: True
device: cpu
early_stopping: False
epochs: 10
grid_size: 100
k: 20836619120.0
layers: [3, 20, 20, 20, 20, 1]
learning_rate: 0.01
log_freq: 1
log_loss: True
log_path: ./logs
log_sol: False
m: 1.4431609444805812e-25
model_path: ./models
name: debug
noise_level: 0.0
optimizer: l-bfgs
output_path: ./outputs
p_min_max: [-5, 5]
patience: 10
phase: train
pinn: False
q_min_max: [-5, 5]
save_freq: 1000
seed: 0
t_min_max: [0, 10]
tolerance: 1e-05
w0: 100000.0

2024-07-30 14:40:37,053 - INFO - N0: 4.493077990280913
N_boundary: 200
N_boundary_val: 100
N_collocation: 600
N_collocation_val: 300
PDE_weight: 0.25
T: 1.7e-07
checkpoint: ./checkpoints\debug
checkpoint_path: ./checkpoints
debug: True
device: cpu
early_stopping: False
epochs: 10
grid_size: 100
k: 20836619120.0
layers: [3, 20, 20, 20, 20, 1]
learning_rate: 0.01
log_freq: 1
log_loss: True
log_path: ./logs
log_sol: False
m: 1.4431609444805812e-25
model_path: ./models
name: debug
noise_level: 0.0
optimizer: l-bfgs
output_path: ./outputs
p_min_max: [-5, 5]
patience: 10
phase: train
pinn: False
q_min_max: [-5, 5]
save_freq: 1000
seed: 0
t_min_max: [0, 10]
tolerance: 1e-05
w0: 100000.0

2024-07-30 14:41:30,414 - INFO - N0: 4.493077990280913
N_boundary: 200
N_boundary_val: 100
N_collocation: 600
N_collocation_val: 300
PDE_weight: 0.25
T: 1.7e-07
checkpoint: ./checkpoints\debug
checkpoint_path: ./checkpoints
debug: True
device: cpu
early_stopping: False
epochs: 10
grid_size: 100
k: 20836619120.0
layers: [3, 20, 20, 20, 20, 1]
learning_rate: 0.01
log_freq: 1
log_loss: True
log_path: ./logs
log_sol: False
m: 1.4431609444805812e-25
model_path: ./models
name: debug
noise_level: 0.0
optimizer: adam
output_path: ./outputs
p_min_max: [-5, 5]
patience: 10
phase: train
pinn: False
q_min_max: [-5, 5]
save_freq: 1000
seed: 0
t_min_max: [0, 10]
tolerance: 1e-05
w0: 100000.0

2024-07-30 14:42:07,447 - INFO - N0: 4.493077990280913
N_boundary: 200
N_boundary_val: 100
N_collocation: 600
N_collocation_val: 300
PDE_weight: 0.25
T: 1.7e-07
checkpoint: ./checkpoints\debug
checkpoint_path: ./checkpoints
debug: True
device: cpu
early_stopping: False
epochs: 10
grid_size: 100
k: 20836619120.0
layers: [3, 20, 20, 20, 20, 1]
learning_rate: 0.01
log_freq: 1
log_loss: True
log_path: ./logs
log_sol: False
m: 1.4431609444805812e-25
model_path: ./models
name: debug
noise_level: 0.0
optimizer: l-bfgs
output_path: ./outputs
p_min_max: [-5, 5]
patience: 10
phase: train
pinn: False
q_min_max: [-5, 5]
save_freq: 1000
seed: 0
t_min_max: [0, 10]
tolerance: 1e-05
w0: 100000.0

2024-07-30 14:43:33,143 - INFO - N0: 4.493077990280913
N_boundary: 200
N_boundary_val: 100
N_collocation: 600
N_collocation_val: 300
PDE_weight: 0.25
T: 1.7e-07
checkpoint: ./checkpoints\debug
checkpoint_path: ./checkpoints
debug: True
device: cpu
early_stopping: False
epochs: 10
grid_size: 100
k: 20836619120.0
layers: [3, 20, 20, 20, 20, 1]
learning_rate: 0.01
log_freq: 1
log_loss: True
log_path: ./logs
log_sol: False
m: 1.4431609444805812e-25
model_path: ./models
name: debug
noise_level: 0.0
optimizer: l-bfgs
output_path: ./outputs
p_min_max: [-5, 5]
patience: 10
phase: test
pinn: False
q_min_max: [-5, 5]
save_freq: 1000
seed: 0
t_min_max: [0, 10]
tolerance: 1e-05
w0: 100000.0

2024-07-30 14:44:27,506 - INFO - N0: 4.493077990280913
N_boundary: 200
N_boundary_val: 100
N_collocation: 600
N_collocation_val: 300
PDE_weight: 0.25
T: 1.7e-07
checkpoint: ./checkpoints\debug
checkpoint_path: ./checkpoints
debug: True
device: cpu
early_stopping: False
epochs: 10
grid_size: 100
k: 20836619120.0
layers: [3, 20, 20, 20, 20, 1]
learning_rate: 0.01
log_freq: 1
log_loss: True
log_path: ./logs
log_sol: False
m: 1.4431609444805812e-25
model_path: ./models
name: debug
noise_level: 0.0
optimizer: l-bfgs
output_path: ./outputs
p_min_max: [-5, 5]
patience: 10
phase: test
pinn: False
q_min_max: [-5, 5]
save_freq: 1000
seed: 0
t_min_max: [0, 10]
tolerance: 1e-05
w0: 100000.0

2024-07-30 14:46:13,610 - INFO - N0: 4.493077990280913
N_boundary: 200
N_boundary_val: 100
N_collocation: 600
N_collocation_val: 300
PDE_weight: 0.25
T: 1.7e-07
checkpoint: ./checkpoints\debug
checkpoint_path: ./checkpoints
debug: True
device: cpu
early_stopping: False
epochs: 100
grid_size: 100
k: 20836619120.0
layers: [3, 20, 20, 20, 20, 1]
learning_rate: 0.01
log_freq: 10
log_loss: True
log_path: ./logs
log_sol: False
m: 1.4431609444805812e-25
model_path: ./models
name: debug
noise_level: 0.0
optimizer: l-bfgs
output_path: ./outputs
p_min_max: [-5, 5]
patience: 10
phase: test
pinn: False
q_min_max: [-5, 5]
save_freq: 1000
seed: 0
t_min_max: [0, 10]
tolerance: 1e-05
w0: 100000.0

2024-07-30 14:47:36,267 - INFO - N0: 4.493077990280913
N_boundary: 200
N_boundary_val: 100
N_collocation: 600
N_collocation_val: 300
PDE_weight: 0.25
T: 1.7e-07
checkpoint: ./checkpoints\debug
checkpoint_path: ./checkpoints
debug: True
device: cpu
early_stopping: False
epochs: 100
grid_size: 100
k: 20836619120.0
layers: [3, 20, 20, 20, 20, 1]
learning_rate: 0.01
log_freq: 10
log_loss: True
log_path: ./logs
log_sol: False
m: 1.4431609444805812e-25
model_path: ./models
name: debug
noise_level: 0.0
optimizer: l-bfgs
output_path: ./outputs
p_min_max: [-5, 5]
patience: 10
phase: train
pinn: False
q_min_max: [-5, 5]
save_freq: 1000
seed: 0
t_min_max: [0, 10]
tolerance: 1e-05
w0: 100000.0

2024-07-30 14:48:28,442 - INFO - N0: 4.493077990280913
N_boundary: 200
N_boundary_val: 100
N_collocation: 600
N_collocation_val: 300
PDE_weight: 0.25
T: 1.7e-07
checkpoint: ./checkpoints\debug
checkpoint_path: ./checkpoints
debug: True
device: cpu
early_stopping: False
epochs: 100
grid_size: 100
k: 20836619120.0
layers: [3, 20, 20, 20, 20, 1]
learning_rate: 0.01
log_freq: 10
log_loss: True
log_path: ./logs
log_sol: False
m: 1.4431609444805812e-25
model_path: ./models
name: debug
noise_level: 0.0
optimizer: l-bfgs
output_path: ./outputs
p_min_max: [-5, 5]
patience: 10
phase: test
pinn: False
q_min_max: [-5, 5]
save_freq: 1000
seed: 0
t_min_max: [0, 10]
tolerance: 1e-05
w0: 100000.0

2024-07-30 15:01:56,755 - INFO - N0: 4.493077990280913
N_boundary: 200
N_boundary_val: 100
N_collocation: 600
N_collocation_val: 300
PDE_weight: 0.25
T: 1.7e-07
checkpoint: ./checkpoints\debug
checkpoint_path: ./checkpoints
debug: True
device: cpu
early_stopping: False
epochs: 100
grid_size: 100
k: 20836619120.0
layers: [3, 20, 20, 20, 20, 1]
learning_rate: 0.01
log_freq: 10
log_loss: True
log_path: ./logs
log_sol: False
m: 1.4431609444805812e-25
model_path: ./models
name: debug
noise_level: 0.0
optimizer: l-bfgs
output_path: ./outputs
p_min_max: [-5, 5]
patience: 10
phase: test
pinn: False
q_min_max: [-5, 5]
save_freq: 1000
seed: 0
t_min_max: [0, 10]
tolerance: 1e-05
w0: 100000.0

2024-07-30 15:03:47,945 - INFO - N0: 4.493077990280913
N_boundary: 200
N_boundary_val: 100
N_collocation: 600
N_collocation_val: 300
PDE_weight: 0.25
T: 1.7e-07
checkpoint: ./checkpoints\base
checkpoint_path: ./checkpoints
debug: False
device: cpu
early_stopping: False
epochs: 1000
grid_size: 100
k: 20836619120.0
layers: [3, 20, 20, 20, 20, 1]
learning_rate: 0.01
log_freq: 100
log_loss: False
log_path: ./logs
log_sol: False
m: 1.4431609444805812e-25
model_path: ./models
name: base
noise_level: 0.0
optimizer: l-bfgs
output_path: ./outputs
p_min_max: [-5, 5]
patience: 10
phase: train
pinn: False
q_min_max: [-5, 5]
save_freq: 1000
seed: 0
t_min_max: [0, 10]
tolerance: 1e-05
w0: 100000.0

2024-07-30 15:05:41,678 - INFO - N0: 4.493077990280913
N_boundary: 200
N_boundary_val: 100
N_collocation: 600
N_collocation_val: 300
PDE_weight: 0.25
T: 1.7e-07
checkpoint: ./checkpoints\l-bfgs
checkpoint_path: ./checkpoints
debug: False
device: cpu
early_stopping: False
epochs: 1000
grid_size: 100
k: 20836619120.0
layers: [3, 20, 20, 20, 20, 1]
learning_rate: 0.01
log_freq: 100
log_loss: True
log_path: ./logs
log_sol: False
m: 1.4431609444805812e-25
model_path: ./models
name: l-bfgs
noise_level: 0.0
optimizer: l-bfgs
output_path: ./outputs
p_min_max: [-5, 5]
patience: 10
phase: train
pinn: False
q_min_max: [-5, 5]
save_freq: 1000
seed: 0
t_min_max: [0, 10]
tolerance: 1e-05
w0: 100000.0

2024-07-30 15:07:35,699 - INFO - N0: 4.493077990280913
N_boundary: 200
N_boundary_val: 100
N_collocation: 600
N_collocation_val: 300
PDE_weight: 0.25
T: 1.7e-07
checkpoint: ./checkpoints\l-bfgs
checkpoint_path: ./checkpoints
debug: False
device: cpu
early_stopping: False
epochs: 1000
grid_size: 100
k: 20836619120.0
layers: [3, 20, 20, 20, 20, 1]
learning_rate: 0.01
log_freq: 10
log_loss: True
log_path: ./logs
log_sol: False
m: 1.4431609444805812e-25
model_path: ./models
name: l-bfgs
noise_level: 0.0
optimizer: l-bfgs
output_path: ./outputs
p_min_max: [-5, 5]
patience: 10
phase: train
pinn: False
q_min_max: [-5, 5]
save_freq: 1000
seed: 0
t_min_max: [0, 10]
tolerance: 1e-05
w0: 100000.0

2024-07-30 15:08:56,569 - INFO - N0: 4.493077990280913
N_boundary: 200
N_boundary_val: 100
N_collocation: 600
N_collocation_val: 300
PDE_weight: 0.25
T: 1.7e-07
checkpoint: ./checkpoints\l-bfgs
checkpoint_path: ./checkpoints
debug: False
device: cpu
early_stopping: False
epochs: 1000
grid_size: 100
k: 20836619120.0
layers: [3, 20, 20, 20, 1]
learning_rate: 0.01
log_freq: 10
log_loss: True
log_path: ./logs
log_sol: False
m: 1.4431609444805812e-25
model_path: ./models
name: l-bfgs
noise_level: 0.0
optimizer: l-bfgs
output_path: ./outputs
p_min_max: [-5, 5]
patience: 10
phase: train
pinn: False
q_min_max: [-5, 5]
save_freq: 1000
seed: 0
t_min_max: [0, 10]
tolerance: 1e-05
w0: 100000.0

2024-07-30 15:11:06,964 - INFO - N0: 4.493077990280913
N_boundary: 200
N_boundary_val: 100
N_collocation: 600
N_collocation_val: 300
PDE_weight: 0.25
T: 1.7e-07
checkpoint: ./checkpoints\adam
checkpoint_path: ./checkpoints
debug: False
device: cpu
early_stopping: False
epochs: 1000
grid_size: 100
k: 20836619120.0
layers: [3, 20, 20, 20, 1]
learning_rate: 0.01
log_freq: 10
log_loss: True
log_path: ./logs
log_sol: False
m: 1.4431609444805812e-25
model_path: ./models
name: adam
noise_level: 0.0
optimizer: adam
output_path: ./outputs
p_min_max: [-5, 5]
patience: 10
phase: train
pinn: False
q_min_max: [-5, 5]
save_freq: 1000
seed: 0
t_min_max: [0, 10]
tolerance: 1e-05
w0: 100000.0

2024-07-30 15:12:42,655 - INFO - N0: 4.493077990280913
N_boundary: 200
N_boundary_val: 100
N_collocation: 600
N_collocation_val: 300
PDE_weight: 0.25
T: 1.7e-07
checkpoint: ./checkpoints\adam
checkpoint_path: ./checkpoints
debug: False
device: cpu
early_stopping: False
epochs: 1000
grid_size: 100
k: 20836619120.0
layers: [3, 20, 20, 20, 20, 1]
learning_rate: 0.01
log_freq: 10
log_loss: True
log_path: ./logs
log_sol: False
m: 1.4431609444805812e-25
model_path: ./models
name: adam
noise_level: 0.0
optimizer: adam
output_path: ./outputs
p_min_max: [-5, 5]
patience: 10
phase: train
pinn: False
q_min_max: [-5, 5]
save_freq: 1000
seed: 0
t_min_max: [0, 50]
tolerance: 1e-05
w0: 100000.0

2024-07-30 15:13:42,742 - INFO - N0: 4.493077990280913
N_boundary: 200
N_boundary_val: 100
N_collocation: 600
N_collocation_val: 300
PDE_weight: 0.25
T: 1.7e-07
checkpoint: ./checkpoints\l-bfgs
checkpoint_path: ./checkpoints
debug: False
device: cpu
early_stopping: False
epochs: 1000
grid_size: 100
k: 20836619120.0
layers: [3, 20, 20, 20, 20, 1]
learning_rate: 0.01
log_freq: 10
log_loss: True
log_path: ./logs
log_sol: False
m: 1.4431609444805812e-25
model_path: ./models
name: l-bfgs
noise_level: 0.0
optimizer: l-bfgs
output_path: ./outputs
p_min_max: [-5, 5]
patience: 10
phase: train
pinn: False
q_min_max: [-5, 5]
save_freq: 1000
seed: 0
t_min_max: [0, 50]
tolerance: 1e-05
w0: 100000.0

2024-07-30 15:14:48,700 - INFO - N0: 4.493077990280913
N_boundary: 200
N_boundary_val: 100
N_collocation: 600
N_collocation_val: 300
PDE_weight: 0.25
T: 1.7e-07
checkpoint: ./checkpoints\l-bfgs
checkpoint_path: ./checkpoints
debug: False
device: cpu
early_stopping: False
epochs: 1000
grid_size: 100
k: 20836619120.0
layers: [3, 20, 20, 20, 20, 1]
learning_rate: 0.01
log_freq: 10
log_loss: False
log_path: ./logs
log_sol: False
m: 1.4431609444805812e-25
model_path: ./models
name: l-bfgs
noise_level: 0.0
optimizer: l-bfgs
output_path: ./outputs
p_min_max: [-5, 5]
patience: 10
phase: test
pinn: False
q_min_max: [-5, 5]
save_freq: 1000
seed: 0
t_min_max: [0, 50]
tolerance: 1e-05
w0: 100000.0

2024-07-30 15:18:00,365 - INFO - N0: 4.493077990280913
N_boundary: 200
N_boundary_val: 100
N_collocation: 600
N_collocation_val: 300
PDE_weight: 0.25
T: 1.7e-07
checkpoint: ./checkpoints\l-bfgs
checkpoint_path: ./checkpoints
debug: False
device: cpu
early_stopping: False
epochs: 1000
grid_size: 100
k: 20836619120.0
layers: [3, 20, 20, 20, 20, 1]
learning_rate: 0.01
log_freq: 10
log_loss: False
log_path: ./logs
log_sol: False
m: 1.4431609444805812e-25
model_path: ./models
name: l-bfgs
noise_level: 0.0
optimizer: l-bfgs
output_path: ./outputs
p_min_max: [-5, 5]
patience: 10
phase: test
pinn: False
q_min_max: [-5, 5]
save_freq: 1000
seed: 0
t_min_max: [0, 50]
tolerance: 1e-05
w0: 100000.0

2024-07-30 15:19:23,088 - INFO - N0: 4.493077990280913
N_boundary: 200
N_boundary_val: 100
N_collocation: 600
N_collocation_val: 300
PDE_weight: 0.25
T: 1.7e-07
checkpoint: ./checkpoints\adam
checkpoint_path: ./checkpoints
debug: False
device: cpu
early_stopping: False
epochs: 1000
grid_size: 100
k: 20836619120.0
layers: [3, 20, 20, 20, 20, 1]
learning_rate: 0.01
log_freq: 10
log_loss: False
log_path: ./logs
log_sol: False
m: 1.4431609444805812e-25
model_path: ./models
name: adam
noise_level: 0.0
optimizer: l-bfgs
output_path: ./outputs
p_min_max: [-5, 5]
patience: 10
phase: test
pinn: False
q_min_max: [-5, 5]
save_freq: 1000
seed: 0
t_min_max: [0, 50]
tolerance: 1e-05
w0: 100000.0

2024-07-30 21:31:11,705 - INFO - N0: 4.493077990280913
N_boundary: 200
N_boundary_val: 100
N_collocation: 600
N_collocation_val: 300
PDE_weight: 0.25
T: 1.7e-07
checkpoint: ./checkpoints/debug
checkpoint_path: ./checkpoints
debug: True
device: cpu
early_stopping: False
epochs: 100
grid_size: 100
k: 20836619120.0
layers: [3, 20, 20, 20, 20, 1]
learning_rate: 0.01
log_freq: 10
log_loss: True
log_path: ./logs
log_sol: False
m: 1.4431609444805812e-25
model_path: ./models
name: debug
noise_level: 0.0
optimizer: l-bfgs
output_path: ./outputs
p_min_max: [-5, 5]
patience: 10
phase: train
pinn: False
q_min_max: [-5, 5]
save_freq: 1000
seed: 0
t_min_max: [0, 50]
tolerance: 1e-05
w0: 100000.0

2024-07-30 22:01:27,859 - INFO - N0: 4.493077990280913
N_boundary: 200
N_boundary_val: 100
N_collocation: 600
N_collocation_val: 300
PDE_weight: 0.25
T: 1.7e-07
checkpoint: ./checkpoints/debug
checkpoint_path: ./checkpoints
debug: True
device: cpu
early_stopping: False
epochs: 100
grid_size: 100
k: 20836619120.0
layers: [3, 20, 20, 20, 20, 1]
learning_rate: 0.01
log_freq: 10
log_loss: True
log_path: ./logs
log_sol: False
m: 1.4431609444805812e-25
model_path: ./models
name: debug
noise_level: 0.0
optimizer: l-bfgs
output_path: ./outputs
p_min_max: [-5, 5]
patience: 10
phase: train
pinn: False
q_min_max: [-5, 5]
save_freq: 1000
seed: 0
t_min_max: [0, 50]
tolerance: 1e-05
w0: 100000.0

2024-07-30 22:02:38,307 - INFO - N0: 4.493077990280913
N_boundary: 200
N_boundary_val: 100
N_collocation: 600
N_collocation_val: 300
PDE_weight: 0.25
T: 1.7e-07
checkpoint: ./checkpoints/debug
checkpoint_path: ./checkpoints
debug: True
device: cpu
early_stopping: False
epochs: 100
grid_size: 100
k: 20836619120.0
layers: [3, 20, 20, 20, 20, 1]
learning_rate: 0.01
log_freq: 10
log_loss: True
log_path: ./logs
log_sol: False
m: 1.4431609444805812e-25
model_path: ./models
name: debug
noise_level: 0.0
optimizer: l-bfgs
output_path: ./outputs
p_min_max: [-5, 5]
patience: 10
phase: test
pinn: False
q_min_max: [-5, 5]
save_freq: 1000
seed: 0
t_min_max: [0, 50]
tolerance: 1e-05
w0: 100000.0

2024-07-30 22:14:24,085 - INFO - N0: 4.493077990280913
N_boundary: 200
N_boundary_val: 100
N_collocation: 600
N_collocation_val: 300
PDE_weight: 0.25
T: 1.7e-07
checkpoint: ./checkpoints/debug
checkpoint_path: ./checkpoints
debug: True
device: cpu
early_stopping: False
epochs: 100
grid_size: 100
k: 20836619120.0
layers: [3, 20, 20, 20, 20, 1]
learning_rate: 0.01
log_freq: 10
log_loss: True
log_path: ./logs
log_sol: False
m: 1.4431609444805812e-25
model_path: ./models
name: debug
noise_level: 0.0
optimizer: l-bfgs
output_path: ./outputs
p_min_max: [-5, 5]
patience: 10
phase: test
pinn: False
q_min_max: [-5, 5]
save_freq: 1000
seed: 0
t_min_max: [0, 50]
tolerance: 1e-05
w0: 100000.0

2024-07-30 22:14:51,300 - INFO - N0: 4.493077990280913
N_boundary: 200
N_boundary_val: 100
N_collocation: 600
N_collocation_val: 300
PDE_weight: 0.25
T: 1.7e-07
checkpoint: ./checkpoints/debug
checkpoint_path: ./checkpoints
debug: True
device: cpu
early_stopping: False
epochs: 100
grid_size: 100
k: 20836619120.0
layers: [3, 20, 20, 20, 20, 1]
learning_rate: 0.01
log_freq: 10
log_loss: True
log_path: ./logs
log_sol: False
m: 1.4431609444805812e-25
model_path: ./models
name: debug
noise_level: 0.0
optimizer: l-bfgs
output_path: ./outputs
p_min_max: [-5, 5]
patience: 10
phase: test
pinn: False
q_min_max: [-5, 5]
save_freq: 1000
seed: 0
t_min_max: [0, 50]
tolerance: 1e-05
w0: 100000.0

2024-07-30 22:16:01,270 - INFO - N0: 4.493077990280913
N_boundary: 200
N_boundary_val: 100
N_collocation: 600
N_collocation_val: 300
PDE_weight: 0.25
T: 1.7e-07
checkpoint: ./checkpoints/debug
checkpoint_path: ./checkpoints
debug: True
device: cpu
early_stopping: False
epochs: 100
grid_size: 100
k: 20836619120.0
layers: [3, 20, 20, 20, 20, 1]
learning_rate: 0.01
log_freq: 10
log_loss: True
log_path: ./logs
log_sol: False
m: 1.4431609444805812e-25
model_path: ./models
name: debug
noise_level: 0.0
optimizer: l-bfgs
output_path: ./outputs
p_min_max: [-5, 5]
patience: 10
phase: test
pinn: False
q_min_max: [-5, 5]
save_freq: 1000
seed: 0
t_min_max: [0, 50]
tolerance: 1e-05
w0: 100000.0

2024-07-30 22:17:04,425 - INFO - N0: 4.493077990280913
N_boundary: 200
N_boundary_val: 100
N_collocation: 600
N_collocation_val: 300
PDE_weight: 0.25
T: 1.7e-07
checkpoint: ./checkpoints/adam
checkpoint_path: ./checkpoints
debug: False
device: cpu
early_stopping: False
epochs: 1000
grid_size: 100
k: 20836619120.0
layers: [3, 20, 20, 20, 20, 1]
learning_rate: 0.01
log_freq: 10
log_loss: True
log_path: ./logs
log_sol: False
m: 1.4431609444805812e-25
model_path: ./models
name: adam
noise_level: 0.0
optimizer: adam
output_path: ./outputs
p_min_max: [-5, 5]
patience: 10
phase: test
pinn: False
q_min_max: [-5, 5]
save_freq: 1000
seed: 0
t_min_max: [0, 50]
tolerance: 1e-05
w0: 100000.0

2024-07-30 22:19:08,274 - INFO - N0: 4.493077990280913
N_boundary: 200
N_boundary_val: 100
N_collocation: 600
N_collocation_val: 300
PDE_weight: 0.25
T: 1.7e-07
checkpoint: ./checkpoints/l-bfgs
checkpoint_path: ./checkpoints
debug: False
device: cpu
early_stopping: False
epochs: 1000
grid_size: 100
k: 20836619120.0
layers: [3, 20, 20, 20, 20, 1]
learning_rate: 0.01
log_freq: 10
log_loss: True
log_path: ./logs
log_sol: False
m: 1.4431609444805812e-25
model_path: ./models
name: l-bfgs
noise_level: 0.0
optimizer: l-bfgs
output_path: ./outputs
p_min_max: [-5, 5]
patience: 10
phase: test
pinn: False
q_min_max: [-5, 5]
save_freq: 1000
seed: 0
t_min_max: [0, 50]
tolerance: 1e-05
w0: 100000.0

2024-07-30 22:19:43,358 - INFO - N0: 4.493077990280913
N_boundary: 200
N_boundary_val: 100
N_collocation: 600
N_collocation_val: 300
PDE_weight: 0.25
T: 1.7e-07
checkpoint: ./checkpoints/l-bfgs
checkpoint_path: ./checkpoints
debug: False
device: cpu
early_stopping: False
epochs: 1000
grid_size: 100
k: 20836619120.0
layers: [3, 20, 20, 20, 20, 1]
learning_rate: 0.01
log_freq: 10
log_loss: True
log_path: ./logs
log_sol: False
m: 1.4431609444805812e-25
model_path: ./models
name: l-bfgs
noise_level: 0.0
optimizer: l-bfgs
output_path: ./outputs
p_min_max: [-5, 5]
patience: 10
phase: test
pinn: False
q_min_max: [-5, 5]
save_freq: 1000
seed: 0
t_min_max: [0, 50]
tolerance: 1e-05
w0: 100000.0

2024-07-30 22:22:39,796 - INFO - N0: 4.493077990280913
N_boundary: 200
N_boundary_val: 100
N_collocation: 600
N_collocation_val: 300
PDE_weight: 0.25
T: 1.7e-07
checkpoint: ./checkpoints/l-bfgs
checkpoint_path: ./checkpoints
debug: False
device: cpu
early_stopping: False
epochs: 1000
grid_size: 100
k: 20836619120.0
layers: [3, 20, 20, 20, 20, 1]
learning_rate: 0.01
log_freq: 10
log_loss: True
log_path: ./logs
log_sol: False
m: 1.4431609444805812e-25
model_path: ./models
name: l-bfgs
noise_level: 0.0
optimizer: l-bfgs
output_path: ./outputs
p_min_max: [-5, 5]
patience: 10
phase: test
pinn: False
q_min_max: [-5, 5]
save_freq: 1000
seed: 0
t_min_max: [0, 50]
tolerance: 1e-05
w0: 100000.0

2024-07-30 22:23:44,683 - INFO - N0: 4.493077990280913
N_boundary: 200
N_boundary_val: 100
N_collocation: 600
N_collocation_val: 300
PDE_weight: 0.25
T: 1.7e-07
checkpoint: ./checkpoints/l-bfgs
checkpoint_path: ./checkpoints
debug: False
device: cpu
early_stopping: False
epochs: 1000
grid_size: 100
k: 20836619120.0
layers: [3, 20, 20, 20, 20, 1]
learning_rate: 0.01
log_freq: 10
log_loss: True
log_path: ./logs
log_sol: False
m: 1.4431609444805812e-25
model_path: ./models
name: l-bfgs
noise_level: 0.0
optimizer: l-bfgs
output_path: ./outputs
p_min_max: [-5, 5]
patience: 10
phase: test
pinn: False
q_min_max: [-5, 5]
save_freq: 1000
seed: 0
t_min_max: [0, 50]
tolerance: 1e-05
w0: 100000.0

2024-07-30 22:25:01,540 - INFO - N0: 4.493077990280913
N_boundary: 200
N_boundary_val: 100
N_collocation: 600
N_collocation_val: 300
PDE_weight: 0.25
T: 1.7e-07
checkpoint: ./checkpoints/adam
checkpoint_path: ./checkpoints
debug: False
device: cpu
early_stopping: False
epochs: 1000
grid_size: 100
k: 20836619120.0
layers: [3, 20, 20, 20, 20, 1]
learning_rate: 0.01
log_freq: 10
log_loss: True
log_path: ./logs
log_sol: False
m: 1.4431609444805812e-25
model_path: ./models
name: adam
noise_level: 0.0
optimizer: adam
output_path: ./outputs
p_min_max: [-5, 5]
patience: 10
phase: test
pinn: False
q_min_max: [-5, 5]
save_freq: 1000
seed: 0
t_min_max: [0, 50]
tolerance: 1e-05
w0: 100000.0

2024-07-30 22:40:24,374 - INFO - N0: 4.493077990280913
N_boundary: 200
N_boundary_val: 100
N_collocation: 600
N_collocation_val: 300
PDE_weight: 0.25
T: 1.7e-07
checkpoint: ./checkpoints/adam
checkpoint_path: ./checkpoints
debug: False
device: cpu
early_stopping: False
epochs: 1000
grid_size: 100
k: 20836619120.0
layers: [3, 20, 20, 20, 20, 1]
learning_rate: 0.01
log_freq: 10
log_loss: True
log_path: ./logs
log_sol: False
m: 1.4431609444805812e-25
model_path: ./models
name: adam
noise_level: 0.0
optimizer: adam
output_path: ./outputs
p_min_max: [-5, 5]
patience: 10
phase: test
pinn: False
q_min_max: [-5, 5]
save_freq: 1000
seed: 0
t_min_max: [0, 50]
tolerance: 1e-05
w0: 100000.0

2024-07-30 22:44:39,498 - INFO - N0: 4.493077990280913
N_boundary: 200
N_boundary_val: 100
N_collocation: 600
N_collocation_val: 300
PDE_weight: 0.25
T: 1.7e-07
checkpoint: ./checkpoints/l-bfgs
checkpoint_path: ./checkpoints
debug: False
device: cpu
early_stopping: False
epochs: 1000
grid_size: 100
k: 20836619120.0
layers: [3, 20, 20, 20, 20, 1]
learning_rate: 0.01
log_freq: 10
log_loss: True
log_path: ./logs
log_sol: False
m: 1.4431609444805812e-25
model_path: ./models
name: l-bfgs
noise_level: 0.0
optimizer: l-bfgs
output_path: ./outputs
p_min_max: [-5, 5]
patience: 10
phase: test
pinn: False
q_min_max: [-5, 5]
save_freq: 1000
seed: 0
t_min_max: [0, 50]
tolerance: 1e-05
w0: 100000.0

2024-07-30 23:04:53,569 - INFO - N0: 4.493077990280913
N_boundary: 200
N_boundary_val: 100
N_collocation: 600
N_collocation_val: 300
PDE_weight: 0.25
T: 1.7e-07
checkpoint: ./checkpoints/l-bfgs
checkpoint_path: ./checkpoints
debug: False
device: cpu
early_stopping: False
epochs: 1000
grid_size: 100
k: 20836619120.0
layers: [3, 20, 20, 20, 20, 1]
learning_rate: 0.01
log_freq: 10
log_loss: True
log_path: ./logs
log_sol: False
m: 1.4431609444805812e-25
model_path: ./models
name: l-bfgs
noise_level: 0.0
optimizer: l-bfgs
output_path: ./outputs
p_min_max: [-5, 5]
patience: 10
phase: test
pinn: False
q_min_max: [-5, 5]
save_freq: 1000
seed: 0
t_min_max: [0, 50]
tolerance: 1e-05
w0: 100000.0

2024-07-30 23:06:20,187 - INFO - N0: 4.493077990280913
N_boundary: 200
N_boundary_val: 100
N_collocation: 600
N_collocation_val: 300
PDE_weight: 0.25
T: 1.7e-07
checkpoint: ./checkpoints/adam
checkpoint_path: ./checkpoints
debug: False
device: cpu
early_stopping: False
epochs: 1000
grid_size: 100
k: 20836619120.0
layers: [3, 20, 20, 20, 20, 1]
learning_rate: 0.01
log_freq: 10
log_loss: True
log_path: ./logs
log_sol: False
m: 1.4431609444805812e-25
model_path: ./models
name: adam
noise_level: 0.0
optimizer: adam
output_path: ./outputs
p_min_max: [-5, 5]
patience: 10
phase: test
pinn: False
q_min_max: [-5, 5]
save_freq: 1000
seed: 0
t_min_max: [0, 50]
tolerance: 1e-05
w0: 100000.0

